2017-12-15 22:38:00,204 - Epoch[0] Batch [1000]	Speed: 75.43 samples/sec	accuracy=0.717532
2017-12-15 22:38:52,775 - Epoch[0] Batch [2000]	Speed: 76.09 samples/sec	accuracy=0.803250
2017-12-15 22:45:52,702 - Epoch[0] Batch [1000]	Speed: 218.65 samples/sec	accuracy=0.894964
2017-12-15 22:50:44,593 - Epoch[0] Batch [2000]	Speed: 219.28 samples/sec	accuracy=0.917188
2017-12-15 22:55:39,903 - Epoch[0] Batch [3000]	Speed: 216.72 samples/sec	accuracy=0.923750
2017-12-15 23:00:46,342 - Epoch[0] Batch [4000]	Speed: 208.85 samples/sec	accuracy=0.927328
2017-12-15 23:05:52,451 - Epoch[0] Batch [5000]	Speed: 209.08 samples/sec	accuracy=0.928750
2017-12-15 23:10:57,341 - Epoch[0] Batch [6000]	Speed: 209.91 samples/sec	accuracy=0.932219
2017-12-15 23:15:59,994 - Epoch[0] Batch [7000]	Speed: 211.46 samples/sec	accuracy=0.933766
2017-12-15 23:21:03,459 - Epoch[0] Batch [8000]	Speed: 210.90 samples/sec	accuracy=0.935813
2017-12-15 23:26:07,549 - Epoch[0] Batch [9000]	Speed: 210.46 samples/sec	accuracy=0.936906
2017-12-15 23:31:11,060 - Epoch[0] Batch [10000]	Speed: 210.87 samples/sec	accuracy=0.938063
2017-12-15 23:36:12,941 - Epoch[0] Batch [11000]	Speed: 212.00 samples/sec	accuracy=0.937234
2017-12-15 23:41:14,430 - Epoch[0] Batch [12000]	Speed: 212.28 samples/sec	accuracy=0.939281
2017-12-15 23:46:16,008 - Epoch[0] Batch [13000]	Speed: 212.22 samples/sec	accuracy=0.939719
2017-12-15 23:51:16,640 - Epoch[0] Batch [14000]	Speed: 212.89 samples/sec	accuracy=0.940125
2017-12-15 23:56:16,987 - Epoch[0] Batch [15000]	Speed: 213.09 samples/sec	accuracy=0.941562
2017-12-15 23:57:00,645 - Epoch[0] Train-accuracy=0.941246
2017-12-15 23:57:00,645 - Epoch[0] Time cost=4563.558
2017-12-15 23:57:01,414 - Saved checkpoint to "./tt/mobile-RGB-0001.params"
2017-12-15 23:59:27,031 - Epoch[0] Validation-accuracy=0.953249
2017-12-16 00:04:25,760 - Epoch[1] Batch [1000]	Speed: 214.34 samples/sec	accuracy=0.941558
2017-12-16 00:09:22,681 - Epoch[1] Batch [2000]	Speed: 215.55 samples/sec	accuracy=0.941063
2017-12-16 00:14:19,671 - Epoch[1] Batch [3000]	Speed: 215.50 samples/sec	accuracy=0.942734
2017-12-16 00:19:16,904 - Epoch[1] Batch [4000]	Speed: 215.32 samples/sec	accuracy=0.943719
2017-12-16 00:24:12,881 - Epoch[1] Batch [5000]	Speed: 216.23 samples/sec	accuracy=0.942594
2017-12-16 00:29:08,897 - Epoch[1] Batch [6000]	Speed: 216.21 samples/sec	accuracy=0.944750
2017-12-16 00:34:04,319 - Epoch[1] Batch [7000]	Speed: 216.64 samples/sec	accuracy=0.945766
2017-12-16 00:38:58,198 - Epoch[1] Batch [8000]	Speed: 217.78 samples/sec	accuracy=0.945516
2017-12-16 00:43:50,744 - Epoch[1] Batch [9000]	Speed: 218.77 samples/sec	accuracy=0.944328
2017-12-16 00:48:44,746 - Epoch[1] Batch [10000]	Speed: 217.69 samples/sec	accuracy=0.945594
2017-12-16 00:53:38,398 - Epoch[1] Batch [11000]	Speed: 217.95 samples/sec	accuracy=0.946391
2017-12-16 00:58:32,289 - Epoch[1] Batch [12000]	Speed: 217.77 samples/sec	accuracy=0.945063
2017-12-16 01:03:25,030 - Epoch[1] Batch [13000]	Speed: 218.62 samples/sec	accuracy=0.946828
2017-12-16 01:08:17,781 - Epoch[1] Batch [14000]	Speed: 218.62 samples/sec	accuracy=0.946875
2017-12-16 01:12:26,546 - Update[30001]: Change learning rate to 4.00000e-02
2017-12-16 01:13:09,392 - Epoch[1] Batch [15000]	Speed: 219.47 samples/sec	accuracy=0.948172
2017-12-16 01:13:51,572 - Epoch[1] Train-accuracy=0.950216
2017-12-16 01:13:51,572 - Epoch[1] Time cost=4464.541
2017-12-16 01:13:51,821 - Saved checkpoint to "./tt/mobile-RGB-0002.params"
2017-12-16 01:16:09,081 - Epoch[1] Validation-accuracy=0.960010
2017-12-16 01:20:58,733 - Epoch[2] Batch [1000]	Speed: 221.05 samples/sec	accuracy=0.947724
2017-12-16 01:25:48,180 - Epoch[2] Batch [2000]	Speed: 221.11 samples/sec	accuracy=0.948750
2017-12-16 01:30:42,524 - Epoch[2] Batch [3000]	Speed: 217.43 samples/sec	accuracy=0.948875
2017-12-16 01:35:49,690 - Epoch[2] Batch [4000]	Speed: 208.36 samples/sec	accuracy=0.948500
2017-12-16 01:40:56,510 - Epoch[2] Batch [5000]	Speed: 208.59 samples/sec	accuracy=0.948063
2017-12-16 01:46:01,664 - Epoch[2] Batch [6000]	Speed: 209.73 samples/sec	accuracy=0.950344
2017-12-16 01:51:06,049 - Epoch[2] Batch [7000]	Speed: 210.26 samples/sec	accuracy=0.949781
2017-12-16 01:56:09,140 - Epoch[2] Batch [8000]	Speed: 211.16 samples/sec	accuracy=0.949281
2017-12-16 02:01:12,021 - Epoch[2] Batch [9000]	Speed: 211.31 samples/sec	accuracy=0.949375
2017-12-16 02:06:15,119 - Epoch[2] Batch [10000]	Speed: 211.15 samples/sec	accuracy=0.950063
2017-12-16 02:11:17,063 - Epoch[2] Batch [11000]	Speed: 211.96 samples/sec	accuracy=0.950031
2017-12-16 02:16:19,988 - Epoch[2] Batch [12000]	Speed: 211.27 samples/sec	accuracy=0.950797
2017-12-16 02:21:19,981 - Epoch[2] Batch [13000]	Speed: 213.36 samples/sec	accuracy=0.950484
2017-12-16 02:26:21,521 - Epoch[2] Batch [14000]	Speed: 212.24 samples/sec	accuracy=0.950234
2017-12-16 02:31:22,618 - Epoch[2] Batch [15000]	Speed: 212.56 samples/sec	accuracy=0.950484
2017-12-16 02:32:06,129 - Epoch[2] Train-accuracy=0.953448
2017-12-16 02:32:06,129 - Epoch[2] Time cost=4557.048
2017-12-16 02:32:06,381 - Saved checkpoint to "./tt/mobile-RGB-0003.params"
2017-12-16 02:34:30,156 - Epoch[2] Validation-accuracy=0.963209
2017-12-16 02:39:30,790 - Epoch[3] Batch [1000]	Speed: 212.98 samples/sec	accuracy=0.949504
2017-12-16 02:44:29,616 - Epoch[3] Batch [2000]	Speed: 214.17 samples/sec	accuracy=0.950688
2017-12-16 02:49:28,237 - Epoch[3] Batch [3000]	Speed: 214.32 samples/sec	accuracy=0.951937
2017-12-16 02:54:24,561 - Epoch[3] Batch [4000]	Speed: 215.98 samples/sec	accuracy=0.950187
2017-12-16 02:59:22,929 - Epoch[3] Batch [5000]	Speed: 214.50 samples/sec	accuracy=0.951797
2017-12-16 03:04:19,837 - Epoch[3] Batch [6000]	Speed: 215.56 samples/sec	accuracy=0.952531
2017-12-16 03:09:16,053 - Epoch[3] Batch [7000]	Speed: 216.06 samples/sec	accuracy=0.952266
2017-12-16 03:14:11,398 - Epoch[3] Batch [8000]	Speed: 216.70 samples/sec	accuracy=0.952250
2017-12-16 03:19:07,213 - Epoch[3] Batch [9000]	Speed: 216.35 samples/sec	accuracy=0.951641
2017-12-16 03:24:02,300 - Epoch[3] Batch [10000]	Speed: 216.89 samples/sec	accuracy=0.952469
2017-12-16 03:28:56,674 - Epoch[3] Batch [11000]	Speed: 217.41 samples/sec	accuracy=0.953187
2017-12-16 03:33:50,416 - Epoch[3] Batch [12000]	Speed: 217.88 samples/sec	accuracy=0.953859
2017-12-16 03:38:43,251 - Epoch[3] Batch [13000]	Speed: 218.55 samples/sec	accuracy=0.954375
2017-12-16 03:43:35,560 - Epoch[3] Batch [14000]	Speed: 218.95 samples/sec	accuracy=0.953906
2017-12-16 03:46:18,826 - Update[60001]: Change learning rate to 3.20000e-02
2017-12-16 03:48:26,886 - Epoch[3] Batch [15000]	Speed: 219.69 samples/sec	accuracy=0.953391
2017-12-16 03:49:08,823 - Epoch[3] Train-accuracy=0.958297
2017-12-16 03:49:08,824 - Epoch[3] Time cost=4478.667
2017-12-16 03:49:09,069 - Saved checkpoint to "./tt/mobile-RGB-0004.params"
2017-12-16 03:51:26,519 - Epoch[3] Validation-accuracy=0.965003
2017-12-16 03:56:16,460 - Epoch[4] Batch [1000]	Speed: 220.83 samples/sec	accuracy=0.952750
2017-12-16 04:01:07,040 - Epoch[4] Batch [2000]	Speed: 220.25 samples/sec	accuracy=0.952656
2017-12-16 04:06:08,343 - Epoch[4] Batch [3000]	Speed: 212.41 samples/sec	accuracy=0.954047
2017-12-16 04:11:15,378 - Epoch[4] Batch [4000]	Speed: 208.45 samples/sec	accuracy=0.952578
2017-12-16 04:16:22,345 - Epoch[4] Batch [5000]	Speed: 208.49 samples/sec	accuracy=0.954375
2017-12-16 04:21:28,235 - Epoch[4] Batch [6000]	Speed: 209.23 samples/sec	accuracy=0.955125
2017-12-16 04:26:33,639 - Epoch[4] Batch [7000]	Speed: 209.56 samples/sec	accuracy=0.955906
2017-12-16 04:31:39,088 - Epoch[4] Batch [8000]	Speed: 209.53 samples/sec	accuracy=0.954250
2017-12-16 04:36:43,812 - Epoch[4] Batch [9000]	Speed: 210.03 samples/sec	accuracy=0.954859
2017-12-16 04:41:48,274 - Epoch[4] Batch [10000]	Speed: 210.21 samples/sec	accuracy=0.955750
2017-12-16 04:46:51,262 - Epoch[4] Batch [11000]	Speed: 211.23 samples/sec	accuracy=0.954453
2017-12-16 04:51:53,360 - Epoch[4] Batch [12000]	Speed: 211.85 samples/sec	accuracy=0.955266
2017-12-16 04:56:54,420 - Epoch[4] Batch [13000]	Speed: 212.58 samples/sec	accuracy=0.953281
2017-12-16 05:01:55,346 - Epoch[4] Batch [14000]	Speed: 212.68 samples/sec	accuracy=0.956000
2017-12-16 05:06:55,775 - Epoch[4] Batch [15000]	Speed: 213.03 samples/sec	accuracy=0.955656
2017-12-16 05:07:39,831 - Epoch[4] Train-accuracy=0.958476
2017-12-16 05:07:39,832 - Epoch[4] Time cost=4573.312
2017-12-16 05:07:40,045 - Saved checkpoint to "./tt/mobile-RGB-0005.params"
2017-12-16 05:10:03,984 - Epoch[4] Validation-accuracy=0.965110
2017-12-16 05:15:02,857 - Epoch[5] Batch [1000]	Speed: 214.24 samples/sec	accuracy=0.954171
2017-12-16 05:20:01,125 - Epoch[5] Batch [2000]	Speed: 214.57 samples/sec	accuracy=0.955187
2017-12-16 05:24:59,117 - Epoch[5] Batch [3000]	Speed: 214.77 samples/sec	accuracy=0.955734
2017-12-16 05:29:56,837 - Epoch[5] Batch [4000]	Speed: 214.97 samples/sec	accuracy=0.954953
2017-12-16 05:34:54,451 - Epoch[5] Batch [5000]	Speed: 215.04 samples/sec	accuracy=0.955156
2017-12-16 05:39:50,456 - Epoch[5] Batch [6000]	Speed: 216.21 samples/sec	accuracy=0.955547
2017-12-16 05:44:48,001 - Epoch[5] Batch [7000]	Speed: 215.09 samples/sec	accuracy=0.957141
2017-12-16 05:49:43,969 - Epoch[5] Batch [8000]	Speed: 216.24 samples/sec	accuracy=0.954703
2017-12-16 05:54:39,876 - Epoch[5] Batch [9000]	Speed: 216.28 samples/sec	accuracy=0.957578
2017-12-16 05:59:35,679 - Epoch[5] Batch [10000]	Speed: 216.36 samples/sec	accuracy=0.955922
2017-12-16 06:04:30,302 - Epoch[5] Batch [11000]	Speed: 217.23 samples/sec	accuracy=0.956859
2017-12-16 06:09:24,240 - Epoch[5] Batch [12000]	Speed: 217.73 samples/sec	accuracy=0.956453
2017-12-16 06:14:17,976 - Epoch[5] Batch [13000]	Speed: 217.88 samples/sec	accuracy=0.956328
2017-12-16 06:19:11,057 - Epoch[5] Batch [14000]	Speed: 218.37 samples/sec	accuracy=0.957047
2017-12-16 06:20:29,034 - Update[90001]: Change learning rate to 2.56000e-02
2017-12-16 06:24:02,885 - Epoch[5] Batch [15000]	Speed: 219.31 samples/sec	accuracy=0.957266
2017-12-16 06:24:44,834 - Epoch[5] Train-accuracy=0.959159
2017-12-16 06:24:44,834 - Epoch[5] Time cost=4480.850
2017-12-16 06:24:45,037 - Saved checkpoint to "./tt/mobile-RGB-0006.params"
2017-12-16 06:27:02,922 - Epoch[5] Validation-accuracy=0.968284
2017-12-16 06:31:53,746 - Epoch[6] Batch [1000]	Speed: 220.15 samples/sec	accuracy=0.954608
2017-12-16 06:36:49,374 - Epoch[6] Batch [2000]	Speed: 216.49 samples/sec	accuracy=0.956281
2017-12-16 06:41:55,434 - Epoch[6] Batch [3000]	Speed: 209.11 samples/sec	accuracy=0.957203
2017-12-16 06:47:00,673 - Epoch[6] Batch [4000]	Speed: 209.67 samples/sec	accuracy=0.956438
2017-12-16 06:52:04,703 - Epoch[6] Batch [5000]	Speed: 210.51 samples/sec	accuracy=0.957219
2017-12-16 06:57:08,330 - Epoch[6] Batch [6000]	Speed: 210.79 samples/sec	accuracy=0.956641
2017-12-16 07:02:11,185 - Epoch[6] Batch [7000]	Speed: 211.32 samples/sec	accuracy=0.957219
2017-12-16 07:07:13,183 - Epoch[6] Batch [8000]	Speed: 211.92 samples/sec	accuracy=0.957875
2017-12-16 07:12:15,385 - Epoch[6] Batch [9000]	Speed: 211.78 samples/sec	accuracy=0.957594
2017-12-16 07:17:17,125 - Epoch[6] Batch [10000]	Speed: 212.10 samples/sec	accuracy=0.957469
2017-12-16 07:22:18,167 - Epoch[6] Batch [11000]	Speed: 212.60 samples/sec	accuracy=0.958422
2017-12-16 07:27:17,488 - Epoch[6] Batch [12000]	Speed: 213.82 samples/sec	accuracy=0.958375
2017-12-16 07:32:17,021 - Epoch[6] Batch [13000]	Speed: 213.67 samples/sec	accuracy=0.957547
2017-12-16 07:37:16,344 - Epoch[6] Batch [14000]	Speed: 213.82 samples/sec	accuracy=0.957812
2017-12-16 07:42:15,529 - Epoch[6] Batch [15000]	Speed: 213.93 samples/sec	accuracy=0.958109
2017-12-16 07:42:58,624 - Epoch[6] Train-accuracy=0.955711
2017-12-16 07:42:58,624 - Epoch[6] Time cost=4555.702
2017-12-16 07:42:58,880 - Saved checkpoint to "./tt/mobile-RGB-0007.params"
2017-12-16 07:45:20,021 - Epoch[6] Validation-accuracy=0.967694
2017-12-16 07:50:18,459 - Epoch[7] Batch [1000]	Speed: 214.56 samples/sec	accuracy=0.956559
2017-12-16 07:55:16,626 - Epoch[7] Batch [2000]	Speed: 214.65 samples/sec	accuracy=0.957078
2017-12-16 08:00:13,260 - Epoch[7] Batch [3000]	Speed: 215.75 samples/sec	accuracy=0.958438
2017-12-16 08:05:09,939 - Epoch[7] Batch [4000]	Speed: 215.72 samples/sec	accuracy=0.957359
2017-12-16 08:10:06,341 - Epoch[7] Batch [5000]	Speed: 215.92 samples/sec	accuracy=0.956984
2017-12-16 08:15:00,822 - Epoch[7] Batch [6000]	Speed: 217.33 samples/sec	accuracy=0.957797
2017-12-16 08:19:55,526 - Epoch[7] Batch [7000]	Speed: 217.17 samples/sec	accuracy=0.958266
2017-12-16 08:24:51,311 - Epoch[7] Batch [8000]	Speed: 216.37 samples/sec	accuracy=0.958438
2017-12-16 08:29:46,061 - Epoch[7] Batch [9000]	Speed: 217.13 samples/sec	accuracy=0.958109
2017-12-16 08:34:40,050 - Epoch[7] Batch [10000]	Speed: 217.70 samples/sec	accuracy=0.958812
2017-12-16 08:39:33,525 - Epoch[7] Batch [11000]	Speed: 218.08 samples/sec	accuracy=0.958781
2017-12-16 08:44:25,979 - Epoch[7] Batch [12000]	Speed: 218.84 samples/sec	accuracy=0.958234
2017-12-16 08:49:17,794 - Epoch[7] Batch [13000]	Speed: 219.32 samples/sec	accuracy=0.958703
2017-12-16 08:54:04,868 - Update[120001]: Change learning rate to 2.04800e-02
2017-12-16 08:54:12,260 - Epoch[7] Batch [14000]	Speed: 217.34 samples/sec	accuracy=0.958547
2017-12-16 08:59:05,908 - Epoch[7] Batch [15000]	Speed: 217.95 samples/sec	accuracy=0.958172
2017-12-16 08:59:48,514 - Epoch[7] Train-accuracy=0.958944
2017-12-16 08:59:48,515 - Epoch[7] Time cost=4468.493
2017-12-16 08:59:48,746 - Saved checkpoint to "./tt/mobile-RGB-0008.params"
2017-12-16 09:02:06,924 - Epoch[7] Validation-accuracy=0.967923
2017-12-16 09:07:00,162 - Epoch[8] Batch [1000]	Speed: 218.36 samples/sec	accuracy=0.957464
2017-12-16 09:12:01,402 - Epoch[8] Batch [2000]	Speed: 212.46 samples/sec	accuracy=0.957797
2017-12-16 09:17:08,389 - Epoch[8] Batch [3000]	Speed: 208.48 samples/sec	accuracy=0.959328
2017-12-16 09:22:14,527 - Epoch[8] Batch [4000]	Speed: 209.06 samples/sec	accuracy=0.958484
2017-12-16 09:27:18,649 - Epoch[8] Batch [5000]	Speed: 210.44 samples/sec	accuracy=0.957359
2017-12-16 09:32:18,917 - Epoch[8] Batch [6000]	Speed: 213.14 samples/sec	accuracy=0.959844
2017-12-16 09:37:17,219 - Epoch[8] Batch [7000]	Speed: 214.56 samples/sec	accuracy=0.958438
2017-12-16 09:42:13,897 - Epoch[8] Batch [8000]	Speed: 215.72 samples/sec	accuracy=0.959719
2017-12-16 09:47:09,209 - Epoch[8] Batch [9000]	Speed: 216.72 samples/sec	accuracy=0.959781
2017-12-16 09:52:04,155 - Epoch[8] Batch [10000]	Speed: 216.99 samples/sec	accuracy=0.958734
2017-12-16 09:56:57,774 - Epoch[8] Batch [11000]	Speed: 217.97 samples/sec	accuracy=0.959078
2017-12-16 10:01:50,021 - Epoch[8] Batch [12000]	Speed: 218.99 samples/sec	accuracy=0.959375
2017-12-16 10:06:40,486 - Epoch[8] Batch [13000]	Speed: 220.34 samples/sec	accuracy=0.959219
2017-12-16 10:11:30,362 - Epoch[8] Batch [14000]	Speed: 220.78 samples/sec	accuracy=0.958547
2017-12-16 10:16:21,565 - Epoch[8] Batch [15000]	Speed: 219.78 samples/sec	accuracy=0.960047
2017-12-16 10:17:03,864 - Epoch[8] Train-accuracy=0.961961
2017-12-16 10:17:03,865 - Epoch[8] Time cost=4496.940
2017-12-16 10:17:04,186 - Saved checkpoint to "./tt/mobile-RGB-0009.params"
2017-12-16 10:19:21,475 - Epoch[8] Validation-accuracy=0.969834
2017-12-16 10:24:11,159 - Epoch[9] Batch [1000]	Speed: 221.05 samples/sec	accuracy=0.958495
2017-12-16 10:29:00,929 - Epoch[9] Batch [2000]	Speed: 220.87 samples/sec	accuracy=0.959063
2017-12-16 10:33:50,193 - Epoch[9] Batch [3000]	Speed: 221.25 samples/sec	accuracy=0.960281
2017-12-16 10:38:40,933 - Epoch[9] Batch [4000]	Speed: 220.13 samples/sec	accuracy=0.959266
2017-12-16 10:43:31,709 - Epoch[9] Batch [5000]	Speed: 220.10 samples/sec	accuracy=0.959797
2017-12-16 10:48:21,350 - Epoch[9] Batch [6000]	Speed: 220.96 samples/sec	accuracy=0.958438
2017-12-16 10:53:10,136 - Epoch[9] Batch [7000]	Speed: 221.62 samples/sec	accuracy=0.960250
2017-12-16 10:57:58,083 - Epoch[9] Batch [8000]	Speed: 222.26 samples/sec	accuracy=0.959313
2017-12-16 11:02:45,266 - Epoch[9] Batch [9000]	Speed: 222.85 samples/sec	accuracy=0.959703
2017-12-16 11:07:32,821 - Epoch[9] Batch [10000]	Speed: 222.59 samples/sec	accuracy=0.959109
2017-12-16 11:12:19,844 - Epoch[9] Batch [11000]	Speed: 223.01 samples/sec	accuracy=0.959953
2017-12-16 11:17:03,354 - Epoch[9] Batch [12000]	Speed: 225.76 samples/sec	accuracy=0.960594
2017-12-16 11:21:48,061 - Epoch[9] Batch [13000]	Speed: 224.82 samples/sec	accuracy=0.959625
2017-12-16 11:25:02,161 - Update[150001]: Change learning rate to 1.63840e-02
2017-12-16 11:26:32,316 - Epoch[9] Batch [14000]	Speed: 225.26 samples/sec	accuracy=0.959078
2017-12-16 11:31:16,119 - Epoch[9] Batch [15000]	Speed: 225.51 samples/sec	accuracy=0.960016
2017-12-16 11:31:57,541 - Epoch[9] Train-accuracy=0.961366
2017-12-16 11:31:57,541 - Epoch[9] Time cost=4356.066
2017-12-16 11:31:57,799 - Saved checkpoint to "./tt/mobile-RGB-0010.params"
2017-12-16 11:34:11,613 - Epoch[9] Validation-accuracy=0.970347
2017-12-16 11:38:55,036 - Epoch[10] Batch [1000]	Speed: 225.94 samples/sec	accuracy=0.960399
2017-12-16 11:43:38,375 - Epoch[10] Batch [2000]	Speed: 225.88 samples/sec	accuracy=0.958859
2017-12-16 11:48:21,394 - Epoch[10] Batch [3000]	Speed: 226.13 samples/sec	accuracy=0.960078
2017-12-16 11:53:05,104 - Epoch[10] Batch [4000]	Speed: 225.58 samples/sec	accuracy=0.959594
2017-12-16 11:57:50,909 - Epoch[10] Batch [5000]	Speed: 223.93 samples/sec	accuracy=0.959187
2017-12-16 12:02:44,189 - Epoch[10] Batch [6000]	Speed: 218.23 samples/sec	accuracy=0.960531
2017-12-16 12:07:38,115 - Epoch[10] Batch [7000]	Speed: 217.76 samples/sec	accuracy=0.961016
2017-12-16 12:12:31,559 - Epoch[10] Batch [8000]	Speed: 218.11 samples/sec	accuracy=0.959578
2017-12-16 12:17:24,182 - Epoch[10] Batch [9000]	Speed: 218.72 samples/sec	accuracy=0.959484
2017-12-16 12:22:17,183 - Epoch[10] Batch [10000]	Speed: 218.44 samples/sec	accuracy=0.959594
2017-12-16 12:27:10,135 - Epoch[10] Batch [11000]	Speed: 218.48 samples/sec	accuracy=0.960234
2017-12-16 12:32:02,318 - Epoch[10] Batch [12000]	Speed: 219.07 samples/sec	accuracy=0.960750
2017-12-16 12:36:55,870 - Epoch[10] Batch [13000]	Speed: 218.03 samples/sec	accuracy=0.961063
2017-12-16 12:41:48,316 - Epoch[10] Batch [14000]	Speed: 218.86 samples/sec	accuracy=0.961516
2017-12-16 12:46:41,879 - Epoch[10] Batch [15000]	Speed: 218.02 samples/sec	accuracy=0.960609
2017-12-16 12:47:24,221 - Epoch[10] Train-accuracy=0.961853
2017-12-16 12:47:24,221 - Epoch[10] Time cost=4392.607
2017-12-16 12:47:24,482 - Saved checkpoint to "./tt/mobile-RGB-0011.params"
2017-12-16 12:49:42,794 - Epoch[10] Validation-accuracy=0.970243
2017-12-16 12:54:33,936 - Epoch[11] Batch [1000]	Speed: 219.95 samples/sec	accuracy=0.959509
2017-12-16 12:59:23,514 - Epoch[11] Batch [2000]	Speed: 221.01 samples/sec	accuracy=0.960313
2017-12-16 13:04:12,313 - Epoch[11] Batch [3000]	Speed: 221.61 samples/sec	accuracy=0.961281
2017-12-16 13:08:59,711 - Epoch[11] Batch [4000]	Speed: 222.69 samples/sec	accuracy=0.959484
2017-12-16 13:13:45,690 - Epoch[11] Batch [5000]	Speed: 223.79 samples/sec	accuracy=0.960375
2017-12-16 13:18:30,164 - Epoch[11] Batch [6000]	Speed: 224.98 samples/sec	accuracy=0.961531
2017-12-16 13:23:17,216 - Epoch[11] Batch [7000]	Speed: 222.97 samples/sec	accuracy=0.961562
2017-12-16 13:28:03,957 - Epoch[11] Batch [8000]	Speed: 223.21 samples/sec	accuracy=0.960469
2017-12-16 13:32:50,378 - Epoch[11] Batch [9000]	Speed: 223.46 samples/sec	accuracy=0.961531
2017-12-16 13:37:35,640 - Epoch[11] Batch [10000]	Speed: 224.37 samples/sec	accuracy=0.960719
2017-12-16 13:42:20,204 - Epoch[11] Batch [11000]	Speed: 224.92 samples/sec	accuracy=0.960844
2017-12-16 13:47:04,619 - Epoch[11] Batch [12000]	Speed: 225.04 samples/sec	accuracy=0.960875
2017-12-16 13:51:48,811 - Epoch[11] Batch [13000]	Speed: 225.21 samples/sec	accuracy=0.960391
2017-12-16 13:53:39,899 - Update[180001]: Change learning rate to 1.31072e-02
2017-12-16 13:56:33,112 - Epoch[11] Batch [14000]	Speed: 225.12 samples/sec	accuracy=0.961828
2017-12-16 14:01:16,759 - Epoch[11] Batch [15000]	Speed: 225.63 samples/sec	accuracy=0.960828
2017-12-16 14:01:57,780 - Epoch[11] Train-accuracy=0.963470
2017-12-16 14:01:57,780 - Epoch[11] Time cost=4334.985
2017-12-16 14:01:57,988 - Saved checkpoint to "./tt/mobile-RGB-0012.params"
2017-12-16 14:04:10,710 - Epoch[11] Validation-accuracy=0.970823
2017-12-16 14:08:54,619 - Epoch[12] Batch [1000]	Speed: 225.54 samples/sec	accuracy=0.959525
2017-12-16 14:13:38,414 - Epoch[12] Batch [2000]	Speed: 225.52 samples/sec	accuracy=0.960734
2017-12-16 14:18:22,114 - Epoch[12] Batch [3000]	Speed: 225.59 samples/sec	accuracy=0.961063
2017-12-16 14:23:06,602 - Epoch[12] Batch [4000]	Speed: 224.99 samples/sec	accuracy=0.960750
2017-12-16 14:27:51,597 - Epoch[12] Batch [5000]	Speed: 224.58 samples/sec	accuracy=0.961500
2017-12-16 14:32:35,846 - Epoch[12] Batch [6000]	Speed: 225.17 samples/sec	accuracy=0.961203
2017-12-16 14:37:20,586 - Epoch[12] Batch [7000]	Speed: 224.78 samples/sec	accuracy=0.962297
2017-12-16 14:42:05,708 - Epoch[12] Batch [8000]	Speed: 224.48 samples/sec	accuracy=0.959969
2017-12-16 14:46:51,118 - Epoch[12] Batch [9000]	Speed: 224.26 samples/sec	accuracy=0.961328
2017-12-16 14:51:46,106 - Epoch[12] Batch [10000]	Speed: 216.97 samples/sec	accuracy=0.961500
2017-12-16 14:56:40,041 - Epoch[12] Batch [11000]	Speed: 217.75 samples/sec	accuracy=0.961812
2017-12-16 15:01:34,356 - Epoch[12] Batch [12000]	Speed: 217.47 samples/sec	accuracy=0.961594
2017-12-16 15:06:26,306 - Epoch[12] Batch [13000]	Speed: 219.23 samples/sec	accuracy=0.962500
2017-12-16 15:11:17,224 - Epoch[12] Batch [14000]	Speed: 220.00 samples/sec	accuracy=0.962250
2017-12-16 15:16:09,615 - Epoch[12] Batch [15000]	Speed: 218.91 samples/sec	accuracy=0.960875
2017-12-16 15:16:51,775 - Epoch[12] Train-accuracy=0.962931
2017-12-16 15:16:51,775 - Epoch[12] Time cost=4361.065
2017-12-16 15:16:51,987 - Saved checkpoint to "./tt/mobile-RGB-0013.params"
2017-12-16 15:19:08,175 - Epoch[12] Validation-accuracy=0.971991
2017-12-16 15:24:00,733 - Epoch[13] Batch [1000]	Speed: 218.85 samples/sec	accuracy=0.961289
2017-12-16 15:28:52,097 - Epoch[13] Batch [2000]	Speed: 219.66 samples/sec	accuracy=0.959516
2017-12-16 15:33:43,276 - Epoch[13] Batch [3000]	Speed: 219.80 samples/sec	accuracy=0.961938
2017-12-16 15:38:29,641 - Epoch[13] Batch [4000]	Speed: 223.49 samples/sec	accuracy=0.960953
2017-12-16 15:43:19,981 - Epoch[13] Batch [5000]	Speed: 220.46 samples/sec	accuracy=0.962203
2017-12-16 15:48:08,892 - Epoch[13] Batch [6000]	Speed: 221.52 samples/sec	accuracy=0.961938
2017-12-16 15:52:53,921 - Epoch[13] Batch [7000]	Speed: 224.57 samples/sec	accuracy=0.962094
2017-12-16 15:57:40,396 - Epoch[13] Batch [8000]	Speed: 223.56 samples/sec	accuracy=0.961406
2017-12-16 16:02:25,163 - Epoch[13] Batch [9000]	Speed: 224.83 samples/sec	accuracy=0.961547
2017-12-16 16:07:12,342 - Epoch[13] Batch [10000]	Speed: 222.88 samples/sec	accuracy=0.961594
2017-12-16 16:11:59,113 - Epoch[13] Batch [11000]	Speed: 223.19 samples/sec	accuracy=0.962016
2017-12-16 16:16:42,825 - Epoch[13] Batch [12000]	Speed: 225.59 samples/sec	accuracy=0.962578
2017-12-16 16:21:30,401 - Epoch[13] Batch [13000]	Speed: 222.55 samples/sec	accuracy=0.962234
2017-12-16 16:21:58,616 - Update[210001]: Change learning rate to 1.04858e-02
2017-12-16 16:26:17,671 - Epoch[13] Batch [14000]	Speed: 222.79 samples/sec	accuracy=0.963000
2017-12-16 16:31:03,710 - Epoch[13] Batch [15000]	Speed: 223.75 samples/sec	accuracy=0.961656
2017-12-16 16:31:45,417 - Epoch[13] Train-accuracy=0.960509
2017-12-16 16:31:45,418 - Epoch[13] Time cost=4357.242
2017-12-16 16:31:46,947 - Saved checkpoint to "./tt/mobile-RGB-0014.params"
2017-12-16 16:34:37,697 - Epoch[13] Validation-accuracy=0.972421
2017-12-16 16:39:23,242 - Epoch[14] Batch [1000]	Speed: 224.23 samples/sec	accuracy=0.961055
2017-12-16 16:44:07,669 - Epoch[14] Batch [2000]	Speed: 225.01 samples/sec	accuracy=0.961641
2017-12-16 16:48:53,334 - Epoch[14] Batch [3000]	Speed: 224.04 samples/sec	accuracy=0.962266
2017-12-16 16:53:37,593 - Epoch[14] Batch [4000]	Speed: 225.15 samples/sec	accuracy=0.960063
2017-12-16 16:58:20,861 - Epoch[14] Batch [5000]	Speed: 225.93 samples/sec	accuracy=0.962359
2017-12-16 17:03:03,985 - Epoch[14] Batch [6000]	Speed: 226.05 samples/sec	accuracy=0.962594
2017-12-16 17:07:48,310 - Epoch[14] Batch [7000]	Speed: 225.13 samples/sec	accuracy=0.961391
2017-12-16 17:12:30,541 - Epoch[14] Batch [8000]	Speed: 226.83 samples/sec	accuracy=0.961922
2017-12-16 17:17:12,459 - Epoch[14] Batch [9000]	Speed: 227.02 samples/sec	accuracy=0.962469
2017-12-16 17:21:52,887 - Epoch[14] Batch [10000]	Speed: 228.23 samples/sec	accuracy=0.961906
2017-12-16 17:26:31,841 - Epoch[14] Batch [11000]	Speed: 229.45 samples/sec	accuracy=0.961875
2017-12-16 17:31:13,477 - Epoch[14] Batch [12000]	Speed: 227.26 samples/sec	accuracy=0.962594
2017-12-16 17:35:55,760 - Epoch[14] Batch [13000]	Speed: 226.75 samples/sec	accuracy=0.961953
2017-12-16 17:40:38,355 - Epoch[14] Batch [14000]	Speed: 226.51 samples/sec	accuracy=0.962359
2017-12-16 17:45:30,642 - Epoch[14] Batch [15000]	Speed: 218.98 samples/sec	accuracy=0.962250
2017-12-16 17:46:13,464 - Epoch[14] Train-accuracy=0.963362
2017-12-16 17:46:13,465 - Epoch[14] Time cost=4295.767
2017-12-16 17:46:13,778 - Saved checkpoint to "./tt/mobile-RGB-0015.params"
2017-12-16 17:48:32,719 - Epoch[14] Validation-accuracy=0.972010
2017-12-16 17:53:26,469 - Epoch[15] Batch [1000]	Speed: 217.97 samples/sec	accuracy=0.961632
2017-12-16 17:58:18,331 - Epoch[15] Batch [2000]	Speed: 219.28 samples/sec	accuracy=0.961094
2017-12-16 18:03:10,267 - Epoch[15] Batch [3000]	Speed: 219.23 samples/sec	accuracy=0.962391
2017-12-16 18:07:59,652 - Epoch[15] Batch [4000]	Speed: 221.16 samples/sec	accuracy=0.961094
2017-12-16 18:12:49,118 - Epoch[15] Batch [5000]	Speed: 221.14 samples/sec	accuracy=0.961391
2017-12-16 18:17:39,390 - Epoch[15] Batch [6000]	Speed: 220.50 samples/sec	accuracy=0.963437
2017-12-16 18:22:27,964 - Epoch[15] Batch [7000]	Speed: 221.80 samples/sec	accuracy=0.962125
2017-12-16 18:27:18,356 - Epoch[15] Batch [8000]	Speed: 220.41 samples/sec	accuracy=0.961797
2017-12-16 18:32:08,476 - Epoch[15] Batch [9000]	Speed: 220.62 samples/sec	accuracy=0.962234
2017-12-16 18:36:58,085 - Epoch[15] Batch [10000]	Speed: 220.99 samples/sec	accuracy=0.961359
2017-12-16 18:41:47,866 - Epoch[15] Batch [11000]	Speed: 220.88 samples/sec	accuracy=0.963266
2017-12-16 18:46:36,672 - Epoch[15] Batch [12000]	Speed: 221.62 samples/sec	accuracy=0.963203
2017-12-16 18:50:29,146 - Update[240001]: Change learning rate to 8.38861e-03
2017-12-16 18:51:25,359 - Epoch[15] Batch [13000]	Speed: 221.71 samples/sec	accuracy=0.962047
2017-12-16 18:56:14,073 - Epoch[15] Batch [14000]	Speed: 221.67 samples/sec	accuracy=0.963594
2017-12-16 19:01:02,740 - Epoch[15] Batch [15000]	Speed: 221.71 samples/sec	accuracy=0.962125
2017-12-16 19:01:44,475 - Epoch[15] Train-accuracy=0.963578
2017-12-16 19:01:44,475 - Epoch[15] Time cost=4391.755
2017-12-16 19:01:44,775 - Saved checkpoint to "./tt/mobile-RGB-0016.params"
2017-12-16 19:03:58,558 - Epoch[15] Validation-accuracy=0.972278
2017-12-16 19:08:46,452 - Epoch[16] Batch [1000]	Speed: 222.41 samples/sec	accuracy=0.962163
2017-12-16 19:13:33,121 - Epoch[16] Batch [2000]	Speed: 223.25 samples/sec	accuracy=0.961141
2017-12-16 19:18:19,354 - Epoch[16] Batch [3000]	Speed: 223.59 samples/sec	accuracy=0.962313
2017-12-16 19:23:05,194 - Epoch[16] Batch [4000]	Speed: 223.90 samples/sec	accuracy=0.960812
2017-12-16 19:27:50,137 - Epoch[16] Batch [5000]	Speed: 224.61 samples/sec	accuracy=0.961922
2017-12-16 19:32:35,993 - Epoch[16] Batch [6000]	Speed: 223.89 samples/sec	accuracy=0.963016
2017-12-16 19:37:21,155 - Epoch[16] Batch [7000]	Speed: 224.47 samples/sec	accuracy=0.963375
2017-12-16 19:42:05,611 - Epoch[16] Batch [8000]	Speed: 225.07 samples/sec	accuracy=0.963781
2017-12-16 19:46:48,551 - Epoch[16] Batch [9000]	Speed: 226.22 samples/sec	accuracy=0.962281
2017-12-16 19:51:31,077 - Epoch[16] Batch [10000]	Speed: 226.54 samples/sec	accuracy=0.962844
2017-12-16 19:56:13,744 - Epoch[16] Batch [11000]	Speed: 226.48 samples/sec	accuracy=0.961437
2017-12-16 20:00:55,990 - Epoch[16] Batch [12000]	Speed: 226.77 samples/sec	accuracy=0.963281
2017-12-16 20:05:38,170 - Epoch[16] Batch [13000]	Speed: 226.82 samples/sec	accuracy=0.962187
2017-12-16 20:10:19,549 - Epoch[16] Batch [14000]	Speed: 227.47 samples/sec	accuracy=0.963125
2017-12-16 20:15:01,294 - Epoch[16] Batch [15000]	Speed: 227.17 samples/sec	accuracy=0.962250
2017-12-16 20:15:42,127 - Epoch[16] Train-accuracy=0.961530
2017-12-16 20:15:42,128 - Epoch[16] Time cost=4303.570
2017-12-16 20:15:42,401 - Saved checkpoint to "./tt/mobile-RGB-0017.params"
2017-12-16 20:17:51,989 - Epoch[16] Validation-accuracy=0.972288
2017-12-16 20:22:33,437 - Epoch[17] Batch [1000]	Speed: 227.52 samples/sec	accuracy=0.961226
2017-12-16 20:27:15,765 - Epoch[17] Batch [2000]	Speed: 226.70 samples/sec	accuracy=0.961656
2017-12-16 20:31:58,066 - Epoch[17] Batch [3000]	Speed: 226.72 samples/sec	accuracy=0.963187
2017-12-16 20:36:40,939 - Epoch[17] Batch [4000]	Speed: 226.27 samples/sec	accuracy=0.961203
2017-12-16 20:41:35,490 - Epoch[17] Batch [5000]	Speed: 217.29 samples/sec	accuracy=0.962406
2017-12-16 20:46:30,881 - Epoch[17] Batch [6000]	Speed: 216.68 samples/sec	accuracy=0.962266
2017-12-16 20:51:25,483 - Epoch[17] Batch [7000]	Speed: 217.28 samples/sec	accuracy=0.963391
2017-12-16 20:56:18,687 - Epoch[17] Batch [8000]	Speed: 218.30 samples/sec	accuracy=0.963562
2017-12-16 21:01:12,899 - Epoch[17] Batch [9000]	Speed: 217.54 samples/sec	accuracy=0.962750
2017-12-16 21:06:04,934 - Epoch[17] Batch [10000]	Speed: 219.17 samples/sec	accuracy=0.962953
2017-12-16 21:10:56,835 - Epoch[17] Batch [11000]	Speed: 219.27 samples/sec	accuracy=0.963812
2017-12-16 21:15:48,972 - Epoch[17] Batch [12000]	Speed: 219.09 samples/sec	accuracy=0.962672
2017-12-16 21:18:18,291 - Update[270001]: Change learning rate to 6.71089e-03
2017-12-16 21:20:39,790 - Epoch[17] Batch [13000]	Speed: 220.08 samples/sec	accuracy=0.962297
2017-12-16 21:25:29,617 - Epoch[17] Batch [14000]	Speed: 220.82 samples/sec	accuracy=0.963781
2017-12-16 21:30:19,422 - Epoch[17] Batch [15000]	Speed: 220.85 samples/sec	accuracy=0.962844
2017-12-16 21:31:01,273 - Epoch[17] Train-accuracy=0.962716
2017-12-16 21:31:01,274 - Epoch[17] Time cost=4389.284
2017-12-16 21:31:01,526 - Saved checkpoint to "./tt/mobile-RGB-0018.params"
2017-12-16 21:33:17,676 - Epoch[17] Validation-accuracy=0.972732
2017-12-16 21:38:08,555 - Epoch[18] Batch [1000]	Speed: 220.12 samples/sec	accuracy=0.962319
2017-12-16 21:42:58,961 - Epoch[18] Batch [2000]	Speed: 220.38 samples/sec	accuracy=0.962406
2017-12-16 21:47:47,598 - Epoch[18] Batch [3000]	Speed: 221.73 samples/sec	accuracy=0.963750
2017-12-16 21:52:35,444 - Epoch[18] Batch [4000]	Speed: 222.34 samples/sec	accuracy=0.962109
2017-12-16 21:57:22,610 - Epoch[18] Batch [5000]	Speed: 222.87 samples/sec	accuracy=0.963469
2017-12-16 22:02:09,989 - Epoch[18] Batch [6000]	Speed: 222.70 samples/sec	accuracy=0.962484
2017-12-16 22:06:56,064 - Epoch[18] Batch [7000]	Speed: 223.72 samples/sec	accuracy=0.963156
2017-12-16 22:11:42,859 - Epoch[18] Batch [8000]	Speed: 223.16 samples/sec	accuracy=0.963187
2017-12-16 22:16:30,435 - Epoch[18] Batch [9000]	Speed: 222.55 samples/sec	accuracy=0.962844
2017-12-16 22:21:18,958 - Epoch[18] Batch [10000]	Speed: 221.82 samples/sec	accuracy=0.963141
2017-12-16 22:26:03,359 - Epoch[18] Batch [11000]	Speed: 225.05 samples/sec	accuracy=0.962562
2017-12-16 22:30:53,863 - Epoch[18] Batch [12000]	Speed: 220.32 samples/sec	accuracy=0.963063
2017-12-16 22:35:42,130 - Epoch[18] Batch [13000]	Speed: 222.03 samples/sec	accuracy=0.963063
2017-12-16 22:40:30,487 - Epoch[18] Batch [14000]	Speed: 221.99 samples/sec	accuracy=0.964375
2017-12-16 22:45:17,418 - Epoch[18] Batch [15000]	Speed: 223.05 samples/sec	accuracy=0.962031
2017-12-16 22:45:59,396 - Epoch[18] Train-accuracy=0.963613
2017-12-16 22:45:59,397 - Epoch[18] Time cost=4361.720
2017-12-16 22:45:59,638 - Saved checkpoint to "./tt/mobile-RGB-0019.params"
2017-12-16 22:48:12,500 - Epoch[18] Validation-accuracy=0.972906
2017-12-16 22:52:58,567 - Epoch[19] Batch [1000]	Speed: 223.84 samples/sec	accuracy=0.962147
2017-12-16 22:57:44,032 - Epoch[19] Batch [2000]	Speed: 224.20 samples/sec	accuracy=0.961984
2017-12-16 23:02:29,466 - Epoch[19] Batch [3000]	Speed: 224.22 samples/sec	accuracy=0.962875
2017-12-16 23:07:14,033 - Epoch[19] Batch [4000]	Speed: 224.90 samples/sec	accuracy=0.963094
2017-12-16 23:11:57,992 - Epoch[19] Batch [5000]	Speed: 225.39 samples/sec	accuracy=0.963234
2017-12-16 23:16:41,888 - Epoch[19] Batch [6000]	Speed: 225.44 samples/sec	accuracy=0.962469
2017-12-16 23:21:25,872 - Epoch[19] Batch [7000]	Speed: 225.37 samples/sec	accuracy=0.962719
2017-12-16 23:26:10,053 - Epoch[19] Batch [8000]	Speed: 225.21 samples/sec	accuracy=0.962859
2017-12-16 23:31:05,012 - Epoch[19] Batch [9000]	Speed: 217.03 samples/sec	accuracy=0.962578
2017-12-16 23:36:04,965 - Epoch[19] Batch [10000]	Speed: 213.43 samples/sec	accuracy=0.962000
2017-12-16 23:41:03,193 - Epoch[19] Batch [11000]	Speed: 214.62 samples/sec	accuracy=0.963922
2017-12-16 23:46:01,838 - Epoch[19] Batch [12000]	Speed: 214.32 samples/sec	accuracy=0.962625
2017-12-16 23:47:07,194 - Update[300001]: Change learning rate to 5.36871e-03
2017-12-16 23:50:58,544 - Epoch[19] Batch [13000]	Speed: 215.72 samples/sec	accuracy=0.963297
2017-12-16 23:55:55,513 - Epoch[19] Batch [14000]	Speed: 215.51 samples/sec	accuracy=0.964172
2017-12-17 00:00:51,114 - Epoch[19] Batch [15000]	Speed: 216.51 samples/sec	accuracy=0.962781
2017-12-17 00:01:34,115 - Epoch[19] Train-accuracy=0.962392
2017-12-17 00:01:34,116 - Epoch[19] Time cost=4401.615
2017-12-17 00:01:34,359 - Saved checkpoint to "./tt/mobile-RGB-0020.params"
2017-12-17 00:03:56,219 - Epoch[19] Validation-accuracy=0.973303
2017-12-17 00:08:51,837 - Epoch[20] Batch [1000]	Speed: 216.59 samples/sec	accuracy=0.963287
2017-12-17 00:13:46,272 - Epoch[20] Batch [2000]	Speed: 217.37 samples/sec	accuracy=0.961500
2017-12-17 00:18:40,879 - Epoch[20] Batch [3000]	Speed: 217.24 samples/sec	accuracy=0.963281
2017-12-17 00:23:33,000 - Epoch[20] Batch [4000]	Speed: 219.09 samples/sec	accuracy=0.963578
2017-12-17 00:28:26,811 - Epoch[20] Batch [5000]	Speed: 217.83 samples/sec	accuracy=0.963656
2017-12-17 00:33:19,079 - Epoch[20] Batch [6000]	Speed: 218.98 samples/sec	accuracy=0.962875
2017-12-17 00:38:11,412 - Epoch[20] Batch [7000]	Speed: 218.93 samples/sec	accuracy=0.962984
2017-12-17 00:43:02,179 - Epoch[20] Batch [8000]	Speed: 220.11 samples/sec	accuracy=0.963391
2017-12-17 00:47:52,938 - Epoch[20] Batch [9000]	Speed: 220.11 samples/sec	accuracy=0.962750
2017-12-17 00:52:43,011 - Epoch[20] Batch [10000]	Speed: 220.63 samples/sec	accuracy=0.963219
2017-12-17 00:57:33,344 - Epoch[20] Batch [11000]	Speed: 220.44 samples/sec	accuracy=0.963922
2017-12-17 01:02:23,845 - Epoch[20] Batch [12000]	Speed: 220.31 samples/sec	accuracy=0.963063
2017-12-17 01:07:13,496 - Epoch[20] Batch [13000]	Speed: 220.96 samples/sec	accuracy=0.963531
2017-12-17 01:12:03,833 - Epoch[20] Batch [14000]	Speed: 220.43 samples/sec	accuracy=0.963234
2017-12-17 01:16:58,462 - Epoch[20] Batch [15000]	Speed: 217.22 samples/sec	accuracy=0.963297
2017-12-17 01:17:41,652 - Epoch[20] Train-accuracy=0.963578
2017-12-17 01:17:41,653 - Epoch[20] Time cost=4425.433
2017-12-17 01:17:41,889 - Saved checkpoint to "./tt/mobile-RGB-0021.params"
2017-12-17 01:20:01,719 - Epoch[20] Validation-accuracy=0.972392
2017-12-17 01:24:55,392 - Epoch[21] Batch [1000]	Speed: 218.03 samples/sec	accuracy=0.962803
2017-12-17 01:29:49,562 - Epoch[21] Batch [2000]	Speed: 217.61 samples/sec	accuracy=0.962094
2017-12-17 01:34:42,546 - Epoch[21] Batch [3000]	Speed: 218.44 samples/sec	accuracy=0.963484
2017-12-17 01:39:34,368 - Epoch[21] Batch [4000]	Speed: 219.31 samples/sec	accuracy=0.962953
2017-12-17 01:44:26,139 - Epoch[21] Batch [5000]	Speed: 219.35 samples/sec	accuracy=0.962469
2017-12-17 01:49:17,108 - Epoch[21] Batch [6000]	Speed: 219.96 samples/sec	accuracy=0.964469
2017-12-17 01:54:07,885 - Epoch[21] Batch [7000]	Speed: 220.10 samples/sec	accuracy=0.963328
2017-12-17 01:58:57,335 - Epoch[21] Batch [8000]	Speed: 221.11 samples/sec	accuracy=0.962938
2017-12-17 02:03:46,812 - Epoch[21] Batch [9000]	Speed: 221.09 samples/sec	accuracy=0.963234
2017-12-17 02:08:38,252 - Epoch[21] Batch [10000]	Speed: 219.60 samples/sec	accuracy=0.963453
2017-12-17 02:13:42,613 - Epoch[21] Batch [11000]	Speed: 210.28 samples/sec	accuracy=0.962375
2017-12-17 02:18:23,632 - Update[330001]: Change learning rate to 4.29497e-03
2017-12-17 02:18:45,609 - Epoch[21] Batch [12000]	Speed: 211.22 samples/sec	accuracy=0.963656
2017-12-17 02:23:51,087 - Epoch[21] Batch [13000]	Speed: 209.51 samples/sec	accuracy=0.964266
2017-12-17 02:28:53,846 - Epoch[21] Batch [14000]	Speed: 211.39 samples/sec	accuracy=0.964828
2017-12-17 02:33:55,543 - Epoch[21] Batch [15000]	Speed: 212.14 samples/sec	accuracy=0.963828
2017-12-17 02:34:39,314 - Epoch[21] Train-accuracy=0.965841
2017-12-17 02:34:39,315 - Epoch[21] Time cost=4477.595
2017-12-17 02:34:39,584 - Saved checkpoint to "./tt/mobile-RGB-0022.params"
2017-12-17 02:37:03,525 - Epoch[21] Validation-accuracy=0.973001
2017-12-17 02:42:04,771 - Epoch[22] Batch [1000]	Speed: 212.55 samples/sec	accuracy=0.963458
2017-12-17 02:47:04,775 - Epoch[22] Batch [2000]	Speed: 213.33 samples/sec	accuracy=0.963672
2017-12-17 02:52:05,132 - Epoch[22] Batch [3000]	Speed: 213.08 samples/sec	accuracy=0.963531
2017-12-17 02:57:04,270 - Epoch[22] Batch [4000]	Speed: 213.95 samples/sec	accuracy=0.963547
2017-12-17 03:02:02,541 - Epoch[22] Batch [5000]	Speed: 214.57 samples/sec	accuracy=0.960953
2017-12-17 03:07:01,299 - Epoch[22] Batch [6000]	Speed: 214.22 samples/sec	accuracy=0.964109
2017-12-17 03:11:58,929 - Epoch[22] Batch [7000]	Speed: 215.03 samples/sec	accuracy=0.962734
2017-12-17 03:16:54,798 - Epoch[22] Batch [8000]	Speed: 216.31 samples/sec	accuracy=0.963250
2017-12-17 03:21:52,080 - Epoch[22] Batch [9000]	Speed: 215.28 samples/sec	accuracy=0.963437
2017-12-17 03:26:49,039 - Epoch[22] Batch [10000]	Speed: 215.52 samples/sec	accuracy=0.963719
2017-12-17 03:31:44,974 - Epoch[22] Batch [11000]	Speed: 216.26 samples/sec	accuracy=0.964109
2017-12-17 03:36:41,134 - Epoch[22] Batch [12000]	Speed: 216.10 samples/sec	accuracy=0.963531
2017-12-17 03:41:35,743 - Epoch[22] Batch [13000]	Speed: 217.24 samples/sec	accuracy=0.963828
2017-12-17 03:46:30,059 - Epoch[22] Batch [14000]	Speed: 217.45 samples/sec	accuracy=0.964641
2017-12-17 03:51:24,288 - Epoch[22] Batch [15000]	Speed: 217.52 samples/sec	accuracy=0.963672
2017-12-17 03:52:06,942 - Epoch[22] Train-accuracy=0.963720
2017-12-17 03:52:06,942 - Epoch[22] Time cost=4503.416
2017-12-17 03:52:07,170 - Saved checkpoint to "./tt/mobile-RGB-0023.params"
2017-12-17 03:54:24,173 - Epoch[22] Validation-accuracy=0.972038
2017-12-17 03:59:17,211 - Epoch[23] Batch [1000]	Speed: 218.50 samples/sec	accuracy=0.962553
2017-12-17 04:04:09,576 - Epoch[23] Batch [2000]	Speed: 218.91 samples/sec	accuracy=0.963187
2017-12-17 04:08:59,955 - Epoch[23] Batch [3000]	Speed: 220.40 samples/sec	accuracy=0.963266
2017-12-17 04:13:51,618 - Epoch[23] Batch [4000]	Speed: 219.43 samples/sec	accuracy=0.962609
2017-12-17 04:18:42,182 - Epoch[23] Batch [5000]	Speed: 220.26 samples/sec	accuracy=0.963531
2017-12-17 04:23:33,491 - Epoch[23] Batch [6000]	Speed: 219.70 samples/sec	accuracy=0.964031
2017-12-17 04:28:23,637 - Epoch[23] Batch [7000]	Speed: 220.58 samples/sec	accuracy=0.963703
2017-12-17 04:33:13,500 - Epoch[23] Batch [8000]	Speed: 220.80 samples/sec	accuracy=0.963063
2017-12-17 04:38:02,714 - Epoch[23] Batch [9000]	Speed: 221.29 samples/sec	accuracy=0.963875
2017-12-17 04:42:51,842 - Epoch[23] Batch [10000]	Speed: 221.36 samples/sec	accuracy=0.963328
2017-12-17 04:47:42,969 - Epoch[23] Batch [11000]	Speed: 219.84 samples/sec	accuracy=0.965047
2017-12-17 04:50:55,422 - Update[360001]: Change learning rate to 3.43597e-03
2017-12-17 04:52:46,059 - Epoch[23] Batch [12000]	Speed: 211.18 samples/sec	accuracy=0.964313
2017-12-17 04:57:48,908 - Epoch[23] Batch [13000]	Speed: 211.33 samples/sec	accuracy=0.963766
2017-12-17 05:02:48,753 - Epoch[23] Batch [14000]	Speed: 213.44 samples/sec	accuracy=0.963984
2017-12-17 05:07:49,265 - Epoch[23] Batch [15000]	Speed: 212.97 samples/sec	accuracy=0.963891
2017-12-17 05:08:32,935 - Epoch[23] Train-accuracy=0.963685
2017-12-17 05:08:32,935 - Epoch[23] Time cost=4448.761
2017-12-17 05:08:33,171 - Saved checkpoint to "./tt/mobile-RGB-0024.params"
2017-12-17 05:10:51,780 - Epoch[23] Validation-accuracy=0.973258
2017-12-17 05:15:53,013 - Epoch[24] Batch [1000]	Speed: 212.57 samples/sec	accuracy=0.962912
2017-12-17 05:20:52,804 - Epoch[24] Batch [2000]	Speed: 213.48 samples/sec	accuracy=0.964219
2017-12-17 05:25:52,262 - Epoch[24] Batch [3000]	Speed: 213.72 samples/sec	accuracy=0.964203
2017-12-17 05:30:50,653 - Epoch[24] Batch [4000]	Speed: 214.48 samples/sec	accuracy=0.963812
2017-12-17 05:35:48,522 - Epoch[24] Batch [5000]	Speed: 214.87 samples/sec	accuracy=0.963187
2017-12-17 05:40:46,204 - Epoch[24] Batch [6000]	Speed: 215.01 samples/sec	accuracy=0.962891
2017-12-17 05:45:42,447 - Epoch[24] Batch [7000]	Speed: 216.05 samples/sec	accuracy=0.964703
2017-12-17 05:50:38,983 - Epoch[24] Batch [8000]	Speed: 215.84 samples/sec	accuracy=0.963063
2017-12-17 05:55:33,520 - Epoch[24] Batch [9000]	Speed: 217.31 samples/sec	accuracy=0.964766
2017-12-17 06:00:28,581 - Epoch[24] Batch [10000]	Speed: 216.92 samples/sec	accuracy=0.962688
2017-12-17 06:05:21,490 - Epoch[24] Batch [11000]	Speed: 218.54 samples/sec	accuracy=0.964219
2017-12-17 06:10:16,310 - Epoch[24] Batch [12000]	Speed: 217.09 samples/sec	accuracy=0.963703
2017-12-17 06:15:09,926 - Epoch[24] Batch [13000]	Speed: 217.99 samples/sec	accuracy=0.965172
2017-12-17 06:20:03,707 - Epoch[24] Batch [14000]	Speed: 217.87 samples/sec	accuracy=0.964234
2017-12-17 06:24:56,787 - Epoch[24] Batch [15000]	Speed: 218.40 samples/sec	accuracy=0.963734
2017-12-17 06:25:39,139 - Epoch[24] Train-accuracy=0.965517
2017-12-17 06:25:39,140 - Epoch[24] Time cost=4487.359
2017-12-17 06:25:39,351 - Saved checkpoint to "./tt/mobile-RGB-0025.params"
2017-12-17 06:27:56,630 - Epoch[24] Validation-accuracy=0.973160
2017-12-17 06:32:48,984 - Epoch[25] Batch [1000]	Speed: 219.02 samples/sec	accuracy=0.963084
2017-12-17 06:37:40,041 - Epoch[25] Batch [2000]	Speed: 219.89 samples/sec	accuracy=0.963313
2017-12-17 06:42:30,747 - Epoch[25] Batch [3000]	Speed: 220.15 samples/sec	accuracy=0.963516
2017-12-17 06:47:21,627 - Epoch[25] Batch [4000]	Speed: 220.02 samples/sec	accuracy=0.962953
2017-12-17 06:52:11,053 - Epoch[25] Batch [5000]	Speed: 221.13 samples/sec	accuracy=0.963313
2017-12-17 06:57:00,727 - Epoch[25] Batch [6000]	Speed: 220.94 samples/sec	accuracy=0.963641
2017-12-17 07:01:50,403 - Epoch[25] Batch [7000]	Speed: 220.94 samples/sec	accuracy=0.963453
2017-12-17 07:06:38,242 - Epoch[25] Batch [8000]	Speed: 222.35 samples/sec	accuracy=0.963109
2017-12-17 07:11:27,884 - Epoch[25] Batch [9000]	Speed: 220.99 samples/sec	accuracy=0.963516
2017-12-17 07:16:17,881 - Epoch[25] Batch [10000]	Speed: 220.69 samples/sec	accuracy=0.963734
2017-12-17 07:21:06,857 - Epoch[25] Batch [11000]	Speed: 221.47 samples/sec	accuracy=0.963250
2017-12-17 07:22:45,718 - Update[390001]: Change learning rate to 2.74878e-03
2017-12-17 07:25:55,082 - Epoch[25] Batch [12000]	Speed: 222.05 samples/sec	accuracy=0.963094
2017-12-17 07:30:51,576 - Epoch[25] Batch [13000]	Speed: 215.86 samples/sec	accuracy=0.964922
2017-12-17 07:35:54,502 - Epoch[25] Batch [14000]	Speed: 211.29 samples/sec	accuracy=0.964109
2017-12-17 07:40:57,670 - Epoch[25] Batch [15000]	Speed: 211.11 samples/sec	accuracy=0.963969
2017-12-17 07:41:41,466 - Epoch[25] Train-accuracy=0.963470
2017-12-17 07:41:41,467 - Epoch[25] Time cost=4424.836
2017-12-17 07:41:41,759 - Saved checkpoint to "./tt/mobile-RGB-0026.params"
2017-12-17 07:44:06,219 - Epoch[25] Validation-accuracy=0.972820
2017-12-17 07:49:08,005 - Epoch[26] Batch [1000]	Speed: 212.16 samples/sec	accuracy=0.963334
2017-12-17 07:54:09,336 - Epoch[26] Batch [2000]	Speed: 212.39 samples/sec	accuracy=0.962906
2017-12-17 07:59:08,434 - Epoch[26] Batch [3000]	Speed: 213.98 samples/sec	accuracy=0.964359
2017-12-17 08:04:09,848 - Epoch[26] Batch [4000]	Speed: 212.33 samples/sec	accuracy=0.962781
2017-12-17 08:09:10,250 - Epoch[26] Batch [5000]	Speed: 213.05 samples/sec	accuracy=0.963719
2017-12-17 08:14:09,847 - Epoch[26] Batch [6000]	Speed: 213.62 samples/sec	accuracy=0.963656
2017-12-17 08:19:08,727 - Epoch[26] Batch [7000]	Speed: 214.13 samples/sec	accuracy=0.964375
2017-12-17 08:24:06,975 - Epoch[26] Batch [8000]	Speed: 214.59 samples/sec	accuracy=0.962641
2017-12-17 08:29:04,164 - Epoch[26] Batch [9000]	Speed: 215.35 samples/sec	accuracy=0.964531
2017-12-17 08:34:01,587 - Epoch[26] Batch [10000]	Speed: 215.18 samples/sec	accuracy=0.963422
2017-12-17 08:38:58,087 - Epoch[26] Batch [11000]	Speed: 215.85 samples/sec	accuracy=0.964047
2017-12-17 08:43:53,734 - Epoch[26] Batch [12000]	Speed: 216.47 samples/sec	accuracy=0.964297
2017-12-17 08:48:48,490 - Epoch[26] Batch [13000]	Speed: 217.15 samples/sec	accuracy=0.964844
2017-12-17 08:53:42,321 - Epoch[26] Batch [14000]	Speed: 217.81 samples/sec	accuracy=0.965187
2017-12-17 08:58:35,030 - Epoch[26] Batch [15000]	Speed: 218.65 samples/sec	accuracy=0.963859
2017-12-17 08:59:17,569 - Epoch[26] Train-accuracy=0.964440
2017-12-17 08:59:17,569 - Epoch[26] Time cost=4511.349
2017-12-17 08:59:17,839 - Saved checkpoint to "./tt/mobile-RGB-0027.params"
2017-12-17 09:01:35,344 - Epoch[26] Validation-accuracy=0.973752
2017-12-17 09:06:27,907 - Epoch[27] Batch [1000]	Speed: 218.88 samples/sec	accuracy=0.963099
2017-12-17 09:11:20,654 - Epoch[27] Batch [2000]	Speed: 218.62 samples/sec	accuracy=0.963437
2017-12-17 09:16:13,545 - Epoch[27] Batch [3000]	Speed: 218.51 samples/sec	accuracy=0.964250
2017-12-17 09:21:05,546 - Epoch[27] Batch [4000]	Speed: 219.18 samples/sec	accuracy=0.962562
2017-12-17 09:25:56,957 - Epoch[27] Batch [5000]	Speed: 219.62 samples/sec	accuracy=0.964141
2017-12-17 09:30:47,784 - Epoch[27] Batch [6000]	Speed: 220.06 samples/sec	accuracy=0.963875
2017-12-17 09:35:37,072 - Epoch[27] Batch [7000]	Speed: 221.23 samples/sec	accuracy=0.964063
2017-12-17 09:40:27,334 - Epoch[27] Batch [8000]	Speed: 220.53 samples/sec	accuracy=0.963625
2017-12-17 09:45:18,019 - Epoch[27] Batch [9000]	Speed: 220.17 samples/sec	accuracy=0.964844
2017-12-17 09:50:05,794 - Epoch[27] Batch [10000]	Speed: 222.40 samples/sec	accuracy=0.964969
