2017-12-17 10:01:11,435 - Epoch[0] Batch [1000]	Speed: 221.85 samples/sec	accuracy=0.905282
2017-12-17 10:06:06,073 - Epoch[0] Batch [2000]	Speed: 217.22 samples/sec	accuracy=0.929203
2017-12-17 10:11:08,986 - Epoch[0] Batch [3000]	Speed: 211.33 samples/sec	accuracy=0.936797
2017-12-17 10:16:12,561 - Epoch[0] Batch [4000]	Speed: 210.83 samples/sec	accuracy=0.941391
2017-12-17 10:21:17,543 - Epoch[0] Batch [5000]	Speed: 209.86 samples/sec	accuracy=0.942734
2017-12-17 10:26:21,314 - Epoch[0] Batch [6000]	Speed: 210.70 samples/sec	accuracy=0.944484
2017-12-17 10:31:24,720 - Epoch[0] Batch [7000]	Speed: 210.95 samples/sec	accuracy=0.947984
2017-12-17 10:36:26,250 - Epoch[0] Batch [8000]	Speed: 212.26 samples/sec	accuracy=0.948781
2017-12-17 10:41:26,501 - Epoch[0] Batch [9000]	Speed: 213.16 samples/sec	accuracy=0.947578
2017-12-17 10:46:24,236 - Epoch[0] Batch [10000]	Speed: 214.96 samples/sec	accuracy=0.950078
2017-12-17 11:31:51,589 - Epoch[0] Batch [1000]	Speed: 277.09 samples/sec	accuracy=0.780860
2017-12-17 11:35:41,482 - Epoch[0] Batch [2000]	Speed: 278.44 samples/sec	accuracy=0.874812
2017-12-17 11:39:29,513 - Epoch[0] Batch [3000]	Speed: 280.70 samples/sec	accuracy=0.907422
2017-12-17 11:43:16,897 - Epoch[0] Batch [4000]	Speed: 281.46 samples/sec	accuracy=0.698672
2017-12-17 11:47:01,670 - Epoch[0] Batch [5000]	Speed: 284.81 samples/sec	accuracy=0.790328
2017-12-17 11:53:25,213 - Epoch[0] Batch [1000]	Speed: 283.63 samples/sec	accuracy=0.852850
2017-12-17 11:57:09,405 - Epoch[0] Batch [2000]	Speed: 285.49 samples/sec	accuracy=0.926438
2017-12-17 12:00:53,783 - Epoch[0] Batch [3000]	Speed: 285.31 samples/sec	accuracy=0.942937
2017-12-17 12:04:38,179 - Epoch[0] Batch [4000]	Speed: 285.23 samples/sec	accuracy=0.954328
2017-12-17 12:08:22,577 - Epoch[0] Batch [5000]	Speed: 285.24 samples/sec	accuracy=0.960828
2017-12-17 12:12:07,008 - Epoch[0] Batch [6000]	Speed: 285.19 samples/sec	accuracy=0.968219
2017-12-17 12:15:51,572 - Epoch[0] Batch [7000]	Speed: 285.02 samples/sec	accuracy=0.971375
2017-12-17 12:19:35,894 - Epoch[0] Batch [8000]	Speed: 285.32 samples/sec	accuracy=0.975453
2017-12-17 12:23:20,367 - Epoch[0] Batch [9000]	Speed: 285.14 samples/sec	accuracy=0.978922
2017-12-17 12:27:04,778 - Epoch[0] Batch [10000]	Speed: 285.21 samples/sec	accuracy=0.980734
2017-12-17 12:30:49,115 - Epoch[0] Batch [11000]	Speed: 285.30 samples/sec	accuracy=0.981969
2017-12-17 12:34:33,335 - Epoch[0] Batch [12000]	Speed: 285.45 samples/sec	accuracy=0.984281
2017-12-17 12:38:17,669 - Epoch[0] Batch [13000]	Speed: 285.32 samples/sec	accuracy=0.984047
2017-12-17 12:42:02,039 - Epoch[0] Batch [14000]	Speed: 285.26 samples/sec	accuracy=0.985125
2017-12-17 12:45:46,472 - Epoch[0] Batch [15000]	Speed: 285.16 samples/sec	accuracy=0.986375
2017-12-17 12:49:30,803 - Epoch[0] Batch [16000]	Speed: 285.29 samples/sec	accuracy=0.987094
2017-12-17 12:53:15,070 - Epoch[0] Batch [17000]	Speed: 285.41 samples/sec	accuracy=0.988328
2017-12-17 12:56:59,453 - Epoch[0] Batch [18000]	Speed: 285.25 samples/sec	accuracy=0.988891
2017-12-17 13:00:43,821 - Epoch[0] Batch [19000]	Speed: 285.28 samples/sec	accuracy=0.989547
2017-12-17 13:04:28,246 - Epoch[0] Batch [20000]	Speed: 285.20 samples/sec	accuracy=0.989469
2017-12-17 13:08:12,534 - Epoch[0] Batch [21000]	Speed: 285.42 samples/sec	accuracy=0.989906
2017-12-17 13:11:56,938 - Epoch[0] Batch [22000]	Speed: 285.46 samples/sec	accuracy=0.990688
2017-12-17 13:15:41,272 - Epoch[0] Batch [23000]	Speed: 285.33 samples/sec	accuracy=0.991703
2017-12-17 13:19:25,744 - Epoch[0] Batch [24000]	Speed: 285.14 samples/sec	accuracy=0.991844
2017-12-17 13:23:10,182 - Epoch[0] Batch [25000]	Speed: 285.17 samples/sec	accuracy=0.991766
2017-12-17 13:26:54,404 - Epoch[0] Batch [26000]	Speed: 285.46 samples/sec	accuracy=0.992719
2017-12-17 13:30:38,687 - Epoch[0] Batch [27000]	Speed: 285.38 samples/sec	accuracy=0.992297
2017-12-17 13:34:23,221 - Epoch[0] Batch [28000]	Speed: 285.06 samples/sec	accuracy=0.992250
2017-12-17 13:35:49,490 - Epoch[0] Train-accuracy=0.993205
2017-12-17 13:35:49,490 - Epoch[0] Time cost=6372.802
2017-12-17 13:35:50,103 - Saved checkpoint to "./tt/mobile-RGB-0001.params"
2017-12-17 13:37:16,051 - Epoch[0] Validation-accuracy=0.991089
2017-12-17 13:41:00,575 - Epoch[1] Batch [1000]	Speed: 285.20 samples/sec	accuracy=0.992804
2017-12-17 13:43:18,237 - Update[30001]: Change learning rate to 4.00000e-02
2017-12-17 13:44:44,694 - Epoch[1] Batch [2000]	Speed: 285.56 samples/sec	accuracy=0.993250
2017-12-17 13:48:29,103 - Epoch[1] Batch [3000]	Speed: 285.19 samples/sec	accuracy=0.994703
2017-12-17 13:52:13,521 - Epoch[1] Batch [4000]	Speed: 285.18 samples/sec	accuracy=0.994594
2017-12-17 13:55:57,985 - Epoch[1] Batch [5000]	Speed: 285.12 samples/sec	accuracy=0.994078
2017-12-17 13:59:42,507 - Epoch[1] Batch [6000]	Speed: 285.05 samples/sec	accuracy=0.994812
2017-12-17 14:03:26,992 - Epoch[1] Batch [7000]	Speed: 285.10 samples/sec	accuracy=0.994828
2017-12-17 14:07:11,458 - Epoch[1] Batch [8000]	Speed: 285.12 samples/sec	accuracy=0.994516
2017-12-17 14:10:55,918 - Epoch[1] Batch [9000]	Speed: 285.13 samples/sec	accuracy=0.994750
2017-12-17 14:14:40,325 - Epoch[1] Batch [10000]	Speed: 285.20 samples/sec	accuracy=0.995156
2017-12-17 14:18:24,656 - Epoch[1] Batch [11000]	Speed: 285.29 samples/sec	accuracy=0.994984
2017-12-17 14:22:09,286 - Epoch[1] Batch [12000]	Speed: 284.91 samples/sec	accuracy=0.995734
2017-12-17 14:25:53,686 - Epoch[1] Batch [13000]	Speed: 285.21 samples/sec	accuracy=0.995297
2017-12-17 14:29:38,219 - Epoch[1] Batch [14000]	Speed: 285.04 samples/sec	accuracy=0.995062
2017-12-17 14:33:22,728 - Epoch[1] Batch [15000]	Speed: 285.07 samples/sec	accuracy=0.995594
2017-12-17 14:37:07,302 - Epoch[1] Batch [16000]	Speed: 284.98 samples/sec	accuracy=0.995359
2017-12-17 14:40:51,859 - Epoch[1] Batch [17000]	Speed: 285.01 samples/sec	accuracy=0.995891
2017-12-17 14:44:36,282 - Epoch[1] Batch [18000]	Speed: 285.18 samples/sec	accuracy=0.996156
2017-12-17 14:48:20,621 - Epoch[1] Batch [19000]	Speed: 285.28 samples/sec	accuracy=0.996734
2017-12-17 14:52:05,167 - Epoch[1] Batch [20000]	Speed: 285.02 samples/sec	accuracy=0.995922
2017-12-17 14:55:49,658 - Epoch[1] Batch [21000]	Speed: 285.09 samples/sec	accuracy=0.996484
2017-12-17 14:59:34,053 - Epoch[1] Batch [22000]	Speed: 285.21 samples/sec	accuracy=0.996563
2017-12-17 15:03:18,103 - Epoch[1] Batch [23000]	Speed: 285.65 samples/sec	accuracy=0.996328
2017-12-17 15:07:02,430 - Epoch[1] Batch [24000]	Speed: 285.30 samples/sec	accuracy=0.996234
2017-12-17 15:10:46,986 - Epoch[1] Batch [25000]	Speed: 285.01 samples/sec	accuracy=0.995906
2017-12-17 15:14:31,359 - Epoch[1] Batch [26000]	Speed: 285.24 samples/sec	accuracy=0.996250
2017-12-17 15:18:15,978 - Epoch[1] Batch [27000]	Speed: 284.93 samples/sec	accuracy=0.995969
2017-12-17 15:22:00,282 - Epoch[1] Batch [28000]	Speed: 285.33 samples/sec	accuracy=0.996297
2017-12-17 15:23:26,107 - Epoch[1] Train-accuracy=0.996736
2017-12-17 15:23:26,108 - Epoch[1] Time cost=6370.056
2017-12-17 15:23:26,366 - Saved checkpoint to "./tt/mobile-RGB-0002.params"
2017-12-17 15:24:50,927 - Epoch[1] Validation-accuracy=0.997302
2017-12-17 15:28:35,353 - Epoch[2] Batch [1000]	Speed: 285.33 samples/sec	accuracy=0.996706
2017-12-17 15:32:19,922 - Epoch[2] Batch [2000]	Speed: 284.99 samples/sec	accuracy=0.996531
2017-12-17 15:36:04,147 - Epoch[2] Batch [3000]	Speed: 285.43 samples/sec	accuracy=0.996687
2017-12-17 15:36:55,715 - Update[60001]: Change learning rate to 3.20000e-02
2017-12-17 15:39:48,650 - Epoch[2] Batch [4000]	Speed: 285.07 samples/sec	accuracy=0.997406
2017-12-17 15:43:32,791 - Epoch[2] Batch [5000]	Speed: 285.54 samples/sec	accuracy=0.996969
2017-12-17 15:51:04,017 - Epoch[2] Batch [6000]	Speed: 141.84 samples/sec	accuracy=0.997203
2017-12-17 16:01:56,498 - Epoch[2] Batch [7000]	Speed: 98.16 samples/sec	accuracy=0.997500
2017-12-17 16:14:27,595 - Epoch[2] Batch [8000]	Speed: 85.23 samples/sec	accuracy=0.997281
2017-12-17 16:22:47,325 - Epoch[2] Batch [9000]	Speed: 128.07 samples/sec	accuracy=0.997125
2017-12-17 16:35:21,736 - Epoch[2] Batch [10000]	Speed: 84.94 samples/sec	accuracy=0.997469
2017-12-17 16:47:56,150 - Epoch[2] Batch [11000]	Speed: 84.85 samples/sec	accuracy=0.997563
2017-12-17 17:00:24,538 - Epoch[2] Batch [12000]	Speed: 85.56 samples/sec	accuracy=0.997656
2017-12-17 17:13:01,965 - Epoch[2] Batch [13000]	Speed: 84.54 samples/sec	accuracy=0.997781
2017-12-17 17:25:41,477 - Epoch[2] Batch [14000]	Speed: 84.29 samples/sec	accuracy=0.997391
2017-12-17 17:38:38,708 - Epoch[2] Batch [15000]	Speed: 82.36 samples/sec	accuracy=0.997750
2017-12-17 17:51:22,128 - Epoch[2] Batch [16000]	Speed: 84.17 samples/sec	accuracy=0.997391
2017-12-17 18:04:06,961 - Epoch[2] Batch [17000]	Speed: 83.99 samples/sec	accuracy=0.997313
2017-12-17 18:16:51,290 - Epoch[2] Batch [18000]	Speed: 83.75 samples/sec	accuracy=0.997609
2017-12-17 18:29:53,229 - Epoch[2] Batch [19000]	Speed: 81.87 samples/sec	accuracy=0.998328
2017-12-17 18:42:45,200 - Epoch[2] Batch [20000]	Speed: 82.95 samples/sec	accuracy=0.997344
2017-12-17 18:55:46,660 - Epoch[2] Batch [21000]	Speed: 81.90 samples/sec	accuracy=0.997500
2017-12-17 19:08:20,038 - Epoch[2] Batch [22000]	Speed: 84.97 samples/sec	accuracy=0.997687
2017-12-17 19:20:59,014 - Epoch[2] Batch [23000]	Speed: 84.36 samples/sec	accuracy=0.998234
2017-12-17 19:33:55,080 - Epoch[2] Batch [24000]	Speed: 82.47 samples/sec	accuracy=0.997922
2017-12-17 19:46:39,893 - Epoch[2] Batch [25000]	Speed: 83.69 samples/sec	accuracy=0.998078
2017-12-17 19:59:13,419 - Epoch[2] Batch [26000]	Speed: 84.94 samples/sec	accuracy=0.998047
2017-12-17 20:11:35,054 - Epoch[2] Batch [27000]	Speed: 86.31 samples/sec	accuracy=0.997547
2017-12-17 20:24:15,598 - Epoch[2] Batch [28000]	Speed: 84.17 samples/sec	accuracy=0.997719
2017-12-17 20:29:00,741 - Epoch[2] Train-accuracy=0.998409
2017-12-17 20:29:00,781 - Epoch[2] Time cost=18249.854
2017-12-17 20:29:05,548 - Saved checkpoint to "./tt/mobile-RGB-0003.params"
2017-12-17 20:46:48,330 - Epoch[2] Validation-accuracy=0.997793
2017-12-17 20:58:18,764 - Epoch[3] Batch [1000]	Speed: 92.96 samples/sec	accuracy=0.997830
2017-12-17 21:10:44,636 - Epoch[3] Batch [2000]	Speed: 85.86 samples/sec	accuracy=0.997953
2017-12-17 21:23:45,247 - Epoch[3] Batch [3000]	Speed: 81.99 samples/sec	accuracy=0.997594
2017-12-17 21:35:58,032 - Epoch[3] Batch [4000]	Speed: 87.40 samples/sec	accuracy=0.998203
2017-12-17 21:45:18,226 - Update[90001]: Change learning rate to 2.56000e-02
2017-12-17 21:46:01,795 - Epoch[3] Batch [5000]	Speed: 106.01 samples/sec	accuracy=0.997812
2017-12-17 21:57:43,454 - Epoch[3] Batch [6000]	Speed: 91.56 samples/sec	accuracy=0.998219
2017-12-17 22:10:27,517 - Epoch[3] Batch [7000]	Speed: 83.90 samples/sec	accuracy=0.998156
2017-12-17 22:20:06,008 - Epoch[3] Batch [8000]	Speed: 110.66 samples/sec	accuracy=0.998297
2017-12-17 22:31:14,219 - Epoch[3] Batch [9000]	Speed: 95.90 samples/sec	accuracy=0.998406
2017-12-17 22:41:59,510 - Epoch[3] Batch [10000]	Speed: 99.19 samples/sec	accuracy=0.998516
2017-12-17 22:52:44,995 - Epoch[3] Batch [11000]	Speed: 99.31 samples/sec	accuracy=0.998094
2017-12-17 23:03:39,701 - Epoch[3] Batch [12000]	Speed: 97.82 samples/sec	accuracy=0.998875
2017-12-17 23:14:15,716 - Epoch[3] Batch [13000]	Speed: 100.64 samples/sec	accuracy=0.998297
2017-12-17 23:25:25,244 - Epoch[3] Batch [14000]	Speed: 95.63 samples/sec	accuracy=0.998234
2017-12-17 23:35:56,805 - Epoch[3] Batch [15000]	Speed: 101.42 samples/sec	accuracy=0.998141
2017-12-17 23:46:47,995 - Epoch[3] Batch [16000]	Speed: 98.29 samples/sec	accuracy=0.998453
2017-12-17 23:56:19,393 - Epoch[3] Batch [17000]	Speed: 112.03 samples/sec	accuracy=0.998203
2017-12-18 00:07:06,685 - Epoch[3] Batch [18000]	Speed: 98.91 samples/sec	accuracy=0.998578
2017-12-18 00:18:18,857 - Epoch[3] Batch [19000]	Speed: 95.28 samples/sec	accuracy=0.998578
2017-12-18 00:29:32,091 - Epoch[3] Batch [20000]	Speed: 95.13 samples/sec	accuracy=0.998250
2017-12-18 00:40:39,841 - Epoch[3] Batch [21000]	Speed: 96.00 samples/sec	accuracy=0.998594
2017-12-18 00:51:20,040 - Epoch[3] Batch [22000]	Speed: 99.98 samples/sec	accuracy=0.998781
2017-12-18 00:59:51,932 - Epoch[3] Batch [23000]	Speed: 125.06 samples/sec	accuracy=0.998594
2017-12-18 01:03:35,876 - Epoch[3] Batch [24000]	Speed: 285.80 samples/sec	accuracy=0.998328
2017-12-18 01:07:20,266 - Epoch[3] Batch [25000]	Speed: 285.22 samples/sec	accuracy=0.998938
2017-12-18 01:11:04,862 - Epoch[3] Batch [26000]	Speed: 284.96 samples/sec	accuracy=0.998500
2017-12-18 01:14:49,236 - Epoch[3] Batch [27000]	Speed: 285.24 samples/sec	accuracy=0.998625
2017-12-18 01:18:33,775 - Epoch[3] Batch [28000]	Speed: 285.03 samples/sec	accuracy=0.998422
2017-12-18 01:19:59,938 - Epoch[3] Train-accuracy=0.998776
2017-12-18 01:19:59,939 - Epoch[3] Time cost=16391.167
2017-12-18 01:20:00,801 - Saved checkpoint to "./tt/mobile-RGB-0004.params"
2017-12-18 01:21:26,122 - Epoch[3] Validation-accuracy=0.998431
2017-12-18 01:25:10,539 - Epoch[4] Batch [1000]	Speed: 285.35 samples/sec	accuracy=0.998845
2017-12-18 01:28:55,411 - Epoch[4] Batch [2000]	Speed: 284.61 samples/sec	accuracy=0.998422
2017-12-18 01:32:40,083 - Epoch[4] Batch [3000]	Speed: 284.86 samples/sec	accuracy=0.998734
2017-12-18 01:36:24,563 - Epoch[4] Batch [4000]	Speed: 285.11 samples/sec	accuracy=0.998656
2017-12-18 01:40:09,494 - Epoch[4] Batch [5000]	Speed: 284.53 samples/sec	accuracy=0.998359
2017-12-18 01:43:54,348 - Epoch[4] Batch [6000]	Speed: 284.63 samples/sec	accuracy=0.998484
2017-12-18 01:45:38,261 - Update[120001]: Change learning rate to 2.04800e-02
2017-12-18 01:47:39,085 - Epoch[4] Batch [7000]	Speed: 284.80 samples/sec	accuracy=0.998531
2017-12-18 01:51:24,008 - Epoch[4] Batch [8000]	Speed: 284.54 samples/sec	accuracy=0.998828
2017-12-18 01:55:08,817 - Epoch[4] Batch [9000]	Speed: 284.69 samples/sec	accuracy=0.998891
2017-12-18 01:58:53,794 - Epoch[4] Batch [10000]	Speed: 284.47 samples/sec	accuracy=0.998750
2017-12-18 02:02:38,932 - Epoch[4] Batch [11000]	Speed: 284.27 samples/sec	accuracy=0.998781
2017-12-18 02:06:23,522 - Epoch[4] Batch [12000]	Speed: 284.97 samples/sec	accuracy=0.999094
2017-12-18 02:10:08,119 - Epoch[4] Batch [13000]	Speed: 284.96 samples/sec	accuracy=0.998984
2017-12-18 02:13:52,837 - Epoch[4] Batch [14000]	Speed: 284.80 samples/sec	accuracy=0.998547
2017-12-18 02:17:37,711 - Epoch[4] Batch [15000]	Speed: 284.60 samples/sec	accuracy=0.998812
2017-12-18 02:21:22,838 - Epoch[4] Batch [16000]	Speed: 284.28 samples/sec	accuracy=0.998828
2017-12-18 02:25:07,402 - Epoch[4] Batch [17000]	Speed: 285.00 samples/sec	accuracy=0.998797
2017-12-18 02:28:52,469 - Epoch[4] Batch [18000]	Speed: 284.36 samples/sec	accuracy=0.999094
2017-12-18 02:32:37,385 - Epoch[4] Batch [19000]	Speed: 284.55 samples/sec	accuracy=0.999047
2017-12-18 02:36:22,459 - Epoch[4] Batch [20000]	Speed: 284.35 samples/sec	accuracy=0.998953
2017-12-18 02:40:06,979 - Epoch[4] Batch [21000]	Speed: 285.05 samples/sec	accuracy=0.998906
2017-12-18 02:43:51,732 - Epoch[4] Batch [22000]	Speed: 284.76 samples/sec	accuracy=0.998875
2017-12-18 02:47:36,244 - Epoch[4] Batch [23000]	Speed: 285.06 samples/sec	accuracy=0.998906
2017-12-18 02:51:21,327 - Epoch[4] Batch [24000]	Speed: 284.34 samples/sec	accuracy=0.998875
2017-12-18 02:55:06,311 - Epoch[4] Batch [25000]	Speed: 284.47 samples/sec	accuracy=0.998766
2017-12-18 02:58:50,833 - Epoch[4] Batch [26000]	Speed: 285.05 samples/sec	accuracy=0.998891
2017-12-18 03:02:35,516 - Epoch[4] Batch [27000]	Speed: 284.85 samples/sec	accuracy=0.999109
2017-12-18 03:06:20,173 - Epoch[4] Batch [28000]	Speed: 284.97 samples/sec	accuracy=0.998844
2017-12-18 03:07:46,194 - Epoch[4] Train-accuracy=0.998572
2017-12-18 03:07:46,195 - Epoch[4] Time cost=6380.072
2017-12-18 03:07:46,408 - Saved checkpoint to "./tt/mobile-RGB-0005.params"
2017-12-18 03:09:11,196 - Epoch[4] Validation-accuracy=0.999205
2017-12-18 03:12:56,165 - Epoch[5] Batch [1000]	Speed: 284.64 samples/sec	accuracy=0.998876
2017-12-18 03:16:41,131 - Epoch[5] Batch [2000]	Speed: 284.49 samples/sec	accuracy=0.998687
2017-12-18 03:20:25,701 - Epoch[5] Batch [3000]	Speed: 284.99 samples/sec	accuracy=0.999047
2017-12-18 03:24:10,378 - Epoch[5] Batch [4000]	Speed: 284.85 samples/sec	accuracy=0.998984
2017-12-18 03:27:54,983 - Epoch[5] Batch [5000]	Speed: 284.95 samples/sec	accuracy=0.998984
2017-12-18 03:31:39,517 - Epoch[5] Batch [6000]	Speed: 285.03 samples/sec	accuracy=0.999000
2017-12-18 03:35:24,488 - Epoch[5] Batch [7000]	Speed: 284.48 samples/sec	accuracy=0.999047
2017-12-18 03:39:09,263 - Epoch[5] Batch [8000]	Speed: 284.78 samples/sec	accuracy=0.999031
2017-12-18 03:39:26,861 - Update[150001]: Change learning rate to 1.63840e-02
2017-12-18 03:42:54,134 - Epoch[5] Batch [9000]	Speed: 284.67 samples/sec	accuracy=0.998875
2017-12-18 03:46:38,892 - Epoch[5] Batch [10000]	Speed: 284.75 samples/sec	accuracy=0.999172
2017-12-18 03:50:23,677 - Epoch[5] Batch [11000]	Speed: 284.72 samples/sec	accuracy=0.999047
2017-12-18 03:54:08,734 - Epoch[5] Batch [12000]	Speed: 284.37 samples/sec	accuracy=0.999188
2017-12-18 03:57:54,396 - Epoch[5] Batch [13000]	Speed: 283.61 samples/sec	accuracy=0.999125
2017-12-18 04:01:39,449 - Epoch[5] Batch [14000]	Speed: 284.38 samples/sec	accuracy=0.998953
2017-12-18 04:05:24,284 - Epoch[5] Batch [15000]	Speed: 284.65 samples/sec	accuracy=0.999125
2017-12-18 04:09:08,794 - Epoch[5] Batch [16000]	Speed: 285.07 samples/sec	accuracy=0.999094
2017-12-18 04:12:53,315 - Epoch[5] Batch [17000]	Speed: 285.05 samples/sec	accuracy=0.998984
2017-12-18 04:16:37,647 - Epoch[5] Batch [18000]	Speed: 285.29 samples/sec	accuracy=0.999062
2017-12-18 04:20:22,311 - Epoch[5] Batch [19000]	Speed: 284.87 samples/sec	accuracy=0.999219
2017-12-18 04:24:07,260 - Epoch[5] Batch [20000]	Speed: 284.52 samples/sec	accuracy=0.999219
2017-12-18 04:27:52,076 - Epoch[5] Batch [21000]	Speed: 284.70 samples/sec	accuracy=0.999266
2017-12-18 04:31:36,990 - Epoch[5] Batch [22000]	Speed: 284.56 samples/sec	accuracy=0.999141
2017-12-18 04:35:22,116 - Epoch[5] Batch [23000]	Speed: 284.30 samples/sec	accuracy=0.999313
2017-12-18 04:39:07,041 - Epoch[5] Batch [24000]	Speed: 284.59 samples/sec	accuracy=0.998969
2017-12-18 04:42:51,439 - Epoch[5] Batch [25000]	Speed: 285.23 samples/sec	accuracy=0.998938
2017-12-18 04:46:35,961 - Epoch[5] Batch [26000]	Speed: 285.05 samples/sec	accuracy=0.999313
2017-12-18 04:50:20,362 - Epoch[5] Batch [27000]	Speed: 285.20 samples/sec	accuracy=0.999062
2017-12-18 04:54:04,792 - Epoch[5] Batch [28000]	Speed: 285.17 samples/sec	accuracy=0.999000
2017-12-18 04:55:30,831 - Epoch[5] Train-accuracy=0.999266
2017-12-18 04:55:30,831 - Epoch[5] Time cost=6379.634
2017-12-18 04:55:31,281 - Saved checkpoint to "./tt/mobile-RGB-0006.params"
2017-12-18 04:56:55,919 - Epoch[5] Validation-accuracy=0.999216
2017-12-18 05:00:40,866 - Epoch[6] Batch [1000]	Speed: 284.66 samples/sec	accuracy=0.998954
2017-12-18 05:04:25,833 - Epoch[6] Batch [2000]	Speed: 284.49 samples/sec	accuracy=0.999016
2017-12-18 05:08:10,966 - Epoch[6] Batch [3000]	Speed: 284.28 samples/sec	accuracy=0.999344
2017-12-18 05:11:56,012 - Epoch[6] Batch [4000]	Speed: 284.39 samples/sec	accuracy=0.999156
2017-12-18 05:15:40,902 - Epoch[6] Batch [5000]	Speed: 284.58 samples/sec	accuracy=0.999203
2017-12-18 05:19:25,457 - Epoch[6] Batch [6000]	Speed: 285.01 samples/sec	accuracy=0.999078
2017-12-18 05:23:10,210 - Epoch[6] Batch [7000]	Speed: 284.76 samples/sec	accuracy=0.999297
2017-12-18 05:26:55,194 - Epoch[6] Batch [8000]	Speed: 284.47 samples/sec	accuracy=0.999219
2017-12-18 05:30:39,645 - Epoch[6] Batch [9000]	Speed: 285.14 samples/sec	accuracy=0.999250
2017-12-18 05:33:15,405 - Update[180001]: Change learning rate to 1.31072e-02
2017-12-18 05:34:24,135 - Epoch[6] Batch [10000]	Speed: 285.09 samples/sec	accuracy=0.999344
2017-12-18 05:38:09,064 - Epoch[6] Batch [11000]	Speed: 284.53 samples/sec	accuracy=0.999203
2017-12-18 05:41:53,700 - Epoch[6] Batch [12000]	Speed: 284.91 samples/sec	accuracy=0.999219
2017-12-18 05:45:38,452 - Epoch[6] Batch [13000]	Speed: 284.80 samples/sec	accuracy=0.999328
2017-12-18 05:49:23,048 - Epoch[6] Batch [14000]	Speed: 284.98 samples/sec	accuracy=0.999156
2017-12-18 05:53:07,600 - Epoch[6] Batch [15000]	Speed: 285.01 samples/sec	accuracy=0.999313
2017-12-18 05:56:52,079 - Epoch[6] Batch [16000]	Speed: 285.11 samples/sec	accuracy=0.999094
2017-12-18 06:00:36,707 - Epoch[6] Batch [17000]	Speed: 284.92 samples/sec	accuracy=0.999375
2017-12-18 06:04:21,728 - Epoch[6] Batch [18000]	Speed: 284.42 samples/sec	accuracy=0.999406
2017-12-18 06:08:06,302 - Epoch[6] Batch [19000]	Speed: 284.98 samples/sec	accuracy=0.999469
2017-12-18 06:11:51,129 - Epoch[6] Batch [20000]	Speed: 284.69 samples/sec	accuracy=0.999500
2017-12-18 06:15:35,758 - Epoch[6] Batch [21000]	Speed: 284.93 samples/sec	accuracy=0.999203
2017-12-18 06:19:20,614 - Epoch[6] Batch [22000]	Speed: 284.65 samples/sec	accuracy=0.999297
2017-12-18 06:23:05,047 - Epoch[6] Batch [23000]	Speed: 285.18 samples/sec	accuracy=0.999484
2017-12-18 06:26:49,547 - Epoch[6] Batch [24000]	Speed: 285.09 samples/sec	accuracy=0.999250
2017-12-18 06:30:34,270 - Epoch[6] Batch [25000]	Speed: 284.87 samples/sec	accuracy=0.999156
2017-12-18 06:34:19,145 - Epoch[6] Batch [26000]	Speed: 284.98 samples/sec	accuracy=0.999125
2017-12-18 06:38:03,671 - Epoch[6] Batch [27000]	Speed: 285.06 samples/sec	accuracy=0.999375
2017-12-18 06:41:48,194 - Epoch[6] Batch [28000]	Speed: 285.06 samples/sec	accuracy=0.999234
2017-12-18 06:43:14,436 - Epoch[6] Train-accuracy=0.999349
2017-12-18 06:43:14,436 - Epoch[6] Time cost=6378.516
2017-12-18 06:43:14,726 - Saved checkpoint to "./tt/mobile-RGB-0007.params"
2017-12-18 06:44:39,641 - Epoch[6] Validation-accuracy=0.999299
2017-12-18 06:48:24,071 - Epoch[7] Batch [1000]	Speed: 285.34 samples/sec	accuracy=0.999329
2017-12-18 06:52:08,552 - Epoch[7] Batch [2000]	Speed: 285.10 samples/sec	accuracy=0.999203
2017-12-18 06:55:53,486 - Epoch[7] Batch [3000]	Speed: 284.53 samples/sec	accuracy=0.999328
2017-12-18 06:59:38,521 - Epoch[7] Batch [4000]	Speed: 284.40 samples/sec	accuracy=0.999406
2017-12-18 07:03:23,081 - Epoch[7] Batch [5000]	Speed: 285.02 samples/sec	accuracy=0.999406
2017-12-18 07:07:07,795 - Epoch[7] Batch [6000]	Speed: 284.82 samples/sec	accuracy=0.999516
2017-12-18 07:10:52,377 - Epoch[7] Batch [7000]	Speed: 285.02 samples/sec	accuracy=0.999391
2017-12-18 07:14:36,765 - Epoch[7] Batch [8000]	Speed: 285.24 samples/sec	accuracy=0.999297
2017-12-18 07:18:21,176 - Epoch[7] Batch [9000]	Speed: 285.22 samples/sec	accuracy=0.999359
2017-12-18 07:22:05,595 - Epoch[7] Batch [10000]	Speed: 285.21 samples/sec	accuracy=0.999422
2017-12-18 07:25:50,110 - Epoch[7] Batch [11000]	Speed: 285.08 samples/sec	accuracy=0.999250
2017-12-18 07:26:59,511 - Update[210001]: Change learning rate to 1.04858e-02
2017-12-18 07:29:34,568 - Epoch[7] Batch [12000]	Speed: 285.15 samples/sec	accuracy=0.999188
2017-12-18 07:33:19,097 - Epoch[7] Batch [13000]	Speed: 285.04 samples/sec	accuracy=0.999328
2017-12-18 07:37:03,832 - Epoch[7] Batch [14000]	Speed: 284.78 samples/sec	accuracy=0.999156
2017-12-18 07:40:48,678 - Epoch[7] Batch [15000]	Speed: 284.64 samples/sec	accuracy=0.999313
2017-12-18 07:44:33,442 - Epoch[7] Batch [16000]	Speed: 284.74 samples/sec	accuracy=0.999266
2017-12-18 07:48:17,931 - Epoch[7] Batch [17000]	Speed: 285.09 samples/sec	accuracy=0.999375
2017-12-18 07:52:02,949 - Epoch[7] Batch [18000]	Speed: 284.42 samples/sec	accuracy=0.999313
2017-12-18 07:55:47,403 - Epoch[7] Batch [19000]	Speed: 285.14 samples/sec	accuracy=0.999469
2017-12-18 07:59:31,970 - Epoch[7] Batch [20000]	Speed: 284.99 samples/sec	accuracy=0.999313
2017-12-18 08:03:16,555 - Epoch[7] Batch [21000]	Speed: 284.97 samples/sec	accuracy=0.999547
2017-12-18 08:07:01,276 - Epoch[7] Batch [22000]	Speed: 284.80 samples/sec	accuracy=0.999375
2017-12-18 08:10:46,217 - Epoch[7] Batch [23000]	Speed: 284.52 samples/sec	accuracy=0.999359
2017-12-18 08:14:31,203 - Epoch[7] Batch [24000]	Speed: 284.46 samples/sec	accuracy=0.999266
2017-12-18 08:18:16,554 - Epoch[7] Batch [25000]	Speed: 284.00 samples/sec	accuracy=0.999219
2017-12-18 08:22:01,318 - Epoch[7] Batch [26000]	Speed: 284.83 samples/sec	accuracy=0.999375
2017-12-18 08:25:46,350 - Epoch[7] Batch [27000]	Speed: 284.40 samples/sec	accuracy=0.999359
2017-12-18 08:29:30,884 - Epoch[7] Batch [28000]	Speed: 285.04 samples/sec	accuracy=0.999391
2017-12-18 08:30:56,969 - Epoch[7] Train-accuracy=0.999755
2017-12-18 08:30:56,969 - Epoch[7] Time cost=6377.328
2017-12-18 08:30:57,234 - Saved checkpoint to "./tt/mobile-RGB-0008.params"
2017-12-18 08:32:21,839 - Epoch[7] Validation-accuracy=0.999550
2017-12-18 08:36:06,958 - Epoch[8] Batch [1000]	Speed: 284.47 samples/sec	accuracy=0.999485
2017-12-18 08:39:52,091 - Epoch[8] Batch [2000]	Speed: 284.29 samples/sec	accuracy=0.999516
2017-12-18 08:43:36,784 - Epoch[8] Batch [3000]	Speed: 284.86 samples/sec	accuracy=0.999531
2017-12-18 08:47:21,402 - Epoch[8] Batch [4000]	Speed: 284.95 samples/sec	accuracy=0.999500
2017-12-18 08:51:07,612 - Epoch[8] Batch [5000]	Speed: 282.95 samples/sec	accuracy=0.999359
2017-12-18 08:54:53,948 - Epoch[8] Batch [6000]	Speed: 282.77 samples/sec	accuracy=0.999344
2017-12-18 08:58:40,739 - Epoch[8] Batch [7000]	Speed: 282.20 samples/sec	accuracy=0.999375
2017-12-18 09:02:27,408 - Epoch[8] Batch [8000]	Speed: 282.35 samples/sec	accuracy=0.999359
2017-12-18 09:06:13,162 - Epoch[8] Batch [9000]	Speed: 283.51 samples/sec	accuracy=0.999578
2017-12-18 09:09:59,164 - Epoch[8] Batch [10000]	Speed: 283.21 samples/sec	accuracy=0.999391
2017-12-18 09:13:44,994 - Epoch[8] Batch [11000]	Speed: 283.43 samples/sec	accuracy=0.999422
2017-12-18 09:17:31,663 - Epoch[8] Batch [12000]	Speed: 282.38 samples/sec	accuracy=0.999469
2017-12-18 09:20:59,943 - Update[240001]: Change learning rate to 8.38861e-03
2017-12-18 09:21:16,832 - Epoch[8] Batch [13000]	Speed: 284.25 samples/sec	accuracy=0.999422
2017-12-18 09:25:03,023 - Epoch[8] Batch [14000]	Speed: 282.95 samples/sec	accuracy=0.999359
2017-12-18 09:28:49,236 - Epoch[8] Batch [15000]	Speed: 282.92 samples/sec	accuracy=0.999484
2017-12-18 09:32:33,958 - Epoch[8] Batch [16000]	Speed: 284.80 samples/sec	accuracy=0.999453
2017-12-18 09:36:18,514 - Epoch[8] Batch [17000]	Speed: 285.01 samples/sec	accuracy=0.999609
2017-12-18 09:40:03,138 - Epoch[8] Batch [18000]	Speed: 284.92 samples/sec	accuracy=0.999453
2017-12-18 09:43:47,735 - Epoch[8] Batch [19000]	Speed: 284.96 samples/sec	accuracy=0.999500
2017-12-18 09:47:31,922 - Epoch[8] Batch [20000]	Speed: 285.48 samples/sec	accuracy=0.999437
2017-12-18 09:51:16,934 - Epoch[8] Batch [21000]	Speed: 284.43 samples/sec	accuracy=0.999656
2017-12-18 09:55:01,694 - Epoch[8] Batch [22000]	Speed: 284.78 samples/sec	accuracy=0.999375
2017-12-18 09:58:46,115 - Epoch[8] Batch [23000]	Speed: 285.18 samples/sec	accuracy=0.999563
2017-12-18 10:02:30,468 - Epoch[8] Batch [24000]	Speed: 285.26 samples/sec	accuracy=0.999328
2017-12-18 10:06:14,903 - Epoch[8] Batch [25000]	Speed: 285.16 samples/sec	accuracy=0.999391
2017-12-18 10:09:59,318 - Epoch[8] Batch [26000]	Speed: 285.19 samples/sec	accuracy=0.999594
2017-12-18 10:13:43,662 - Epoch[8] Batch [27000]	Speed: 285.28 samples/sec	accuracy=0.999406
2017-12-18 10:17:28,121 - Epoch[8] Batch [28000]	Speed: 285.13 samples/sec	accuracy=0.999484
2017-12-18 10:18:53,982 - Epoch[8] Train-accuracy=0.999755
2017-12-18 10:18:53,983 - Epoch[8] Time cost=6392.128
2017-12-18 10:18:54,520 - Saved checkpoint to "./tt/mobile-RGB-0009.params"
2017-12-18 10:20:19,061 - Epoch[8] Validation-accuracy=0.999540
2017-12-18 10:24:03,445 - Epoch[9] Batch [1000]	Speed: 285.38 samples/sec	accuracy=0.999469
2017-12-18 10:27:47,854 - Epoch[9] Batch [2000]	Speed: 285.19 samples/sec	accuracy=0.999531
2017-12-18 10:31:32,359 - Epoch[9] Batch [3000]	Speed: 285.10 samples/sec	accuracy=0.999391
2017-12-18 10:35:16,897 - Epoch[9] Batch [4000]	Speed: 285.05 samples/sec	accuracy=0.999531
2017-12-18 10:39:01,143 - Epoch[9] Batch [5000]	Speed: 285.42 samples/sec	accuracy=0.999453
2017-12-18 10:42:46,122 - Epoch[9] Batch [6000]	Speed: 284.50 samples/sec	accuracy=0.999406
2017-12-18 10:46:30,527 - Epoch[9] Batch [7000]	Speed: 285.23 samples/sec	accuracy=0.999594
2017-12-18 10:50:15,311 - Epoch[9] Batch [8000]	Speed: 284.75 samples/sec	accuracy=0.999625
2017-12-18 10:53:59,828 - Epoch[9] Batch [9000]	Speed: 285.07 samples/sec	accuracy=0.999484
2017-12-18 10:57:44,233 - Epoch[9] Batch [10000]	Speed: 285.23 samples/sec	accuracy=0.999500
2017-12-18 11:01:28,515 - Epoch[9] Batch [11000]	Speed: 285.38 samples/sec	accuracy=0.999531
2017-12-18 11:05:12,951 - Epoch[9] Batch [12000]	Speed: 285.19 samples/sec	accuracy=0.999594
2017-12-18 11:08:57,588 - Epoch[9] Batch [13000]	Speed: 284.92 samples/sec	accuracy=0.999500
2017-12-18 11:12:41,613 - Epoch[9] Batch [14000]	Speed: 285.70 samples/sec	accuracy=0.999313
2017-12-18 11:14:42,752 - Update[270001]: Change learning rate to 6.71089e-03
2017-12-18 11:16:25,691 - Epoch[9] Batch [15000]	Speed: 285.61 samples/sec	accuracy=0.999609
2017-12-18 11:20:10,039 - Epoch[9] Batch [16000]	Speed: 285.27 samples/sec	accuracy=0.999563
2017-12-18 11:23:54,185 - Epoch[9] Batch [17000]	Speed: 285.53 samples/sec	accuracy=0.999500
2017-12-18 11:27:40,278 - Epoch[9] Batch [18000]	Speed: 283.07 samples/sec	accuracy=0.999563
2017-12-18 11:31:24,450 - Epoch[9] Batch [19000]	Speed: 285.50 samples/sec	accuracy=0.999734
2017-12-18 11:35:08,468 - Epoch[9] Batch [20000]	Speed: 285.69 samples/sec	accuracy=0.999625
2017-12-18 11:38:52,979 - Epoch[9] Batch [21000]	Speed: 285.07 samples/sec	accuracy=0.999422
2017-12-18 11:42:37,525 - Epoch[9] Batch [22000]	Speed: 285.02 samples/sec	accuracy=0.999516
2017-12-18 11:46:21,709 - Epoch[9] Batch [23000]	Speed: 285.48 samples/sec	accuracy=0.999578
2017-12-18 11:50:06,014 - Epoch[9] Batch [24000]	Speed: 285.33 samples/sec	accuracy=0.999375
2017-12-18 11:53:50,713 - Epoch[9] Batch [25000]	Speed: 284.83 samples/sec	accuracy=0.999594
2017-12-18 11:57:35,482 - Epoch[9] Batch [26000]	Speed: 284.84 samples/sec	accuracy=0.999594
