2017-12-17 22:40:16,172 - Epoch[0] Batch [1000]	Speed: 112.44 samples/sec	accuracy=0.810721
2017-12-17 22:51:21,929 - Epoch[0] Batch [2000]	Speed: 96.13 samples/sec	accuracy=0.884281
2017-12-17 23:02:23,317 - Epoch[0] Batch [3000]	Speed: 97.07 samples/sec	accuracy=0.902172
2017-12-17 23:12:47,949 - Epoch[0] Batch [4000]	Speed: 102.74 samples/sec	accuracy=0.916484
2017-12-17 23:23:32,338 - Epoch[0] Batch [5000]	Speed: 99.33 samples/sec	accuracy=0.924906
2017-12-17 23:33:55,485 - Epoch[0] Batch [6000]	Speed: 103.13 samples/sec	accuracy=0.932516
2017-12-18 00:12:33,307 - Epoch[0] Batch [1000]	Speed: 103.58 samples/sec	accuracy=0.835110
2017-12-18 00:35:02,952 - Epoch[0] Batch [2000]	Speed: 94.97 samples/sec	accuracy=0.903273
2017-12-18 00:56:14,075 - Epoch[0] Batch [3000]	Speed: 100.71 samples/sec	accuracy=0.923469
2017-12-18 01:01:50,161 - Epoch[0] Batch [4000]	Speed: 381.37 samples/sec	accuracy=0.934047
2017-12-18 01:04:58,370 - Epoch[0] Batch [5000]	Speed: 680.16 samples/sec	accuracy=0.941367
2017-12-18 01:08:06,495 - Epoch[0] Batch [6000]	Speed: 680.40 samples/sec	accuracy=0.949883
2017-12-18 01:11:14,164 - Epoch[0] Batch [7000]	Speed: 682.05 samples/sec	accuracy=0.953930
2017-12-18 01:14:22,295 - Epoch[0] Batch [8000]	Speed: 680.38 samples/sec	accuracy=0.958562
2017-12-18 01:17:29,908 - Epoch[0] Batch [9000]	Speed: 682.26 samples/sec	accuracy=0.964461
2017-12-18 01:20:37,856 - Epoch[0] Batch [10000]	Speed: 681.04 samples/sec	accuracy=0.966250
2017-12-18 01:23:45,624 - Epoch[0] Batch [11000]	Speed: 681.70 samples/sec	accuracy=0.969656
2017-12-18 01:26:53,414 - Epoch[0] Batch [12000]	Speed: 681.61 samples/sec	accuracy=0.971266
2017-12-18 01:30:01,252 - Epoch[0] Batch [13000]	Speed: 681.44 samples/sec	accuracy=0.974055
2017-12-18 01:33:09,032 - Epoch[0] Batch [14000]	Speed: 681.65 samples/sec	accuracy=0.975773
2017-12-18 01:33:45,151 - Epoch[0] Train-accuracy=0.978149
2017-12-18 01:33:45,152 - Epoch[0] Time cost=6109.550
2017-12-18 01:33:45,466 - Saved checkpoint to "./tt/mobile-RGB-0001.params"
2017-12-18 01:34:22,125 - Epoch[0] Validation-accuracy=0.968353
2017-12-18 01:37:30,342 - Epoch[1] Batch [1000]	Speed: 680.45 samples/sec	accuracy=0.977000
2017-12-18 01:40:38,374 - Epoch[1] Batch [2000]	Speed: 680.74 samples/sec	accuracy=0.979125
2017-12-18 01:43:46,228 - Epoch[1] Batch [3000]	Speed: 681.38 samples/sec	accuracy=0.979766
2017-12-18 01:46:54,378 - Epoch[1] Batch [4000]	Speed: 680.31 samples/sec	accuracy=0.980320
2017-12-18 01:50:02,350 - Epoch[1] Batch [5000]	Speed: 681.01 samples/sec	accuracy=0.981547
2017-12-18 01:53:12,476 - Epoch[1] Batch [6000]	Speed: 673.31 samples/sec	accuracy=0.982805
2017-12-18 01:56:22,312 - Epoch[1] Batch [7000]	Speed: 674.35 samples/sec	accuracy=0.982875
2017-12-18 01:59:31,876 - Epoch[1] Batch [8000]	Speed: 675.34 samples/sec	accuracy=0.983820
2017-12-18 02:02:41,819 - Epoch[1] Batch [9000]	Speed: 673.98 samples/sec	accuracy=0.984367
2017-12-18 02:05:51,268 - Epoch[1] Batch [10000]	Speed: 675.74 samples/sec	accuracy=0.985055
2017-12-18 02:09:00,582 - Epoch[1] Batch [11000]	Speed: 676.19 samples/sec	accuracy=0.985875
2017-12-18 02:12:10,383 - Epoch[1] Batch [12000]	Speed: 674.51 samples/sec	accuracy=0.985828
2017-12-18 02:15:19,765 - Epoch[1] Batch [13000]	Speed: 675.95 samples/sec	accuracy=0.986594
2017-12-18 02:18:29,439 - Epoch[1] Batch [14000]	Speed: 674.92 samples/sec	accuracy=0.987000
2017-12-18 02:19:05,715 - Epoch[1] Train-accuracy=0.988711
2017-12-18 02:19:05,716 - Epoch[1] Time cost=2683.591
2017-12-18 02:19:06,296 - Saved checkpoint to "./tt/mobile-RGB-0002.params"
2017-12-18 02:19:42,594 - Epoch[1] Validation-accuracy=0.988809
2017-12-18 02:22:52,077 - Epoch[2] Batch [1000]	Speed: 675.92 samples/sec	accuracy=0.987122
2017-12-18 02:24:48,312 - Update[30001]: Change learning rate to 4.00000e-02
2017-12-18 02:26:01,513 - Epoch[2] Batch [2000]	Speed: 675.69 samples/sec	accuracy=0.988242
2017-12-18 02:29:11,132 - Epoch[2] Batch [3000]	Speed: 675.04 samples/sec	accuracy=0.988883
2017-12-18 02:32:20,591 - Epoch[2] Batch [4000]	Speed: 675.61 samples/sec	accuracy=0.989227
2017-12-18 02:35:29,774 - Epoch[2] Batch [5000]	Speed: 676.60 samples/sec	accuracy=0.989344
2017-12-18 02:38:39,388 - Epoch[2] Batch [6000]	Speed: 675.06 samples/sec	accuracy=0.989281
2017-12-18 02:41:48,556 - Epoch[2] Batch [7000]	Speed: 676.71 samples/sec	accuracy=0.989516
2017-12-18 02:44:57,704 - Epoch[2] Batch [8000]	Speed: 676.77 samples/sec	accuracy=0.989547
2017-12-18 02:48:07,115 - Epoch[2] Batch [9000]	Speed: 675.82 samples/sec	accuracy=0.989352
2017-12-18 02:51:16,827 - Epoch[2] Batch [10000]	Speed: 674.74 samples/sec	accuracy=0.990289
2017-12-18 02:54:26,155 - Epoch[2] Batch [11000]	Speed: 676.14 samples/sec	accuracy=0.990578
2017-12-18 02:57:35,555 - Epoch[2] Batch [12000]	Speed: 675.85 samples/sec	accuracy=0.990961
2017-12-18 03:00:44,798 - Epoch[2] Batch [13000]	Speed: 676.40 samples/sec	accuracy=0.990852
2017-12-18 03:03:54,257 - Epoch[2] Batch [14000]	Speed: 675.67 samples/sec	accuracy=0.990883
2017-12-18 03:04:30,363 - Epoch[2] Train-accuracy=0.991778
2017-12-18 03:04:30,380 - Epoch[2] Time cost=2687.785
2017-12-18 03:04:30,844 - Saved checkpoint to "./tt/mobile-RGB-0003.params"
2017-12-18 03:05:06,678 - Epoch[2] Validation-accuracy=0.992229
2017-12-18 03:08:16,175 - Epoch[3] Batch [1000]	Speed: 675.87 samples/sec	accuracy=0.991025
2017-12-18 03:11:25,371 - Epoch[3] Batch [2000]	Speed: 676.55 samples/sec	accuracy=0.991242
2017-12-18 03:14:34,607 - Epoch[3] Batch [3000]	Speed: 676.41 samples/sec	accuracy=0.990742
2017-12-18 03:17:43,616 - Epoch[3] Batch [4000]	Speed: 677.22 samples/sec	accuracy=0.991695
2017-12-18 03:20:52,750 - Epoch[3] Batch [5000]	Speed: 676.81 samples/sec	accuracy=0.991797
2017-12-18 03:24:01,481 - Epoch[3] Batch [6000]	Speed: 678.25 samples/sec	accuracy=0.991508
2017-12-18 03:27:10,604 - Epoch[3] Batch [7000]	Speed: 676.84 samples/sec	accuracy=0.991891
2017-12-18 03:30:19,595 - Epoch[3] Batch [8000]	Speed: 677.31 samples/sec	accuracy=0.992102
2017-12-18 03:33:28,731 - Epoch[3] Batch [9000]	Speed: 676.81 samples/sec	accuracy=0.992062
2017-12-18 03:36:37,549 - Epoch[3] Batch [10000]	Speed: 677.94 samples/sec	accuracy=0.992414
2017-12-18 03:39:47,045 - Epoch[3] Batch [11000]	Speed: 675.52 samples/sec	accuracy=0.992234
2017-12-18 03:42:56,576 - Epoch[3] Batch [12000]	Speed: 675.40 samples/sec	accuracy=0.992734
2017-12-18 03:46:05,821 - Epoch[3] Batch [13000]	Speed: 676.43 samples/sec	accuracy=0.992672
2017-12-18 03:49:14,964 - Epoch[3] Batch [14000]	Speed: 676.78 samples/sec	accuracy=0.992906
2017-12-18 03:49:51,065 - Epoch[3] Train-accuracy=0.993128
2017-12-18 03:49:51,076 - Epoch[3] Time cost=2684.397
2017-12-18 03:49:51,225 - Saved checkpoint to "./tt/mobile-RGB-0004.params"
2017-12-18 03:50:27,119 - Epoch[3] Validation-accuracy=0.995043
2017-12-18 03:53:36,399 - Epoch[4] Batch [1000]	Speed: 676.63 samples/sec	accuracy=0.992679
2017-12-18 03:56:45,572 - Epoch[4] Batch [2000]	Speed: 676.63 samples/sec	accuracy=0.993258
2017-12-18 03:59:54,486 - Epoch[4] Batch [3000]	Speed: 677.56 samples/sec	accuracy=0.993180
2017-12-18 04:00:38,012 - Update[60001]: Change learning rate to 3.20000e-02
2017-12-18 04:03:03,584 - Epoch[4] Batch [4000]	Speed: 676.90 samples/sec	accuracy=0.992875
2017-12-18 04:06:12,411 - Epoch[4] Batch [5000]	Speed: 677.87 samples/sec	accuracy=0.994039
2017-12-18 04:09:21,514 - Epoch[4] Batch [6000]	Speed: 676.88 samples/sec	accuracy=0.994023
2017-12-18 04:12:30,333 - Epoch[4] Batch [7000]	Speed: 677.90 samples/sec	accuracy=0.993758
2017-12-18 04:15:39,394 - Epoch[4] Batch [8000]	Speed: 677.03 samples/sec	accuracy=0.993891
2017-12-18 04:18:48,585 - Epoch[4] Batch [9000]	Speed: 676.56 samples/sec	accuracy=0.993500
2017-12-18 04:21:57,657 - Epoch[4] Batch [10000]	Speed: 677.06 samples/sec	accuracy=0.994242
2017-12-18 04:25:06,637 - Epoch[4] Batch [11000]	Speed: 677.36 samples/sec	accuracy=0.994281
2017-12-18 04:28:16,013 - Epoch[4] Batch [12000]	Speed: 675.97 samples/sec	accuracy=0.994422
2017-12-18 04:31:24,698 - Epoch[4] Batch [13000]	Speed: 678.41 samples/sec	accuracy=0.994250
2017-12-18 04:34:33,565 - Epoch[4] Batch [14000]	Speed: 677.76 samples/sec	accuracy=0.994492
2017-12-18 04:35:09,650 - Epoch[4] Train-accuracy=0.994969
2017-12-18 04:35:09,660 - Epoch[4] Time cost=2682.541
2017-12-18 04:35:10,112 - Saved checkpoint to "./tt/mobile-RGB-0005.params"
2017-12-18 04:35:45,785 - Epoch[4] Validation-accuracy=0.994949
2017-12-18 04:38:54,937 - Epoch[5] Batch [1000]	Speed: 677.09 samples/sec	accuracy=0.994045
2017-12-18 04:42:04,070 - Epoch[5] Batch [2000]	Speed: 676.78 samples/sec	accuracy=0.994477
2017-12-18 04:45:13,143 - Epoch[5] Batch [3000]	Speed: 676.99 samples/sec	accuracy=0.994664
2017-12-18 04:48:22,916 - Epoch[5] Batch [4000]	Speed: 674.52 samples/sec	accuracy=0.994398
2017-12-18 04:51:32,373 - Epoch[5] Batch [5000]	Speed: 675.69 samples/sec	accuracy=0.994555
2017-12-18 04:54:41,520 - Epoch[5] Batch [6000]	Speed: 676.77 samples/sec	accuracy=0.994914
2017-12-18 04:57:50,651 - Epoch[5] Batch [7000]	Speed: 676.80 samples/sec	accuracy=0.994289
2017-12-18 05:00:59,963 - Epoch[5] Batch [8000]	Speed: 676.19 samples/sec	accuracy=0.994703
2017-12-18 05:04:09,439 - Epoch[5] Batch [9000]	Speed: 675.58 samples/sec	accuracy=0.994641
2017-12-18 05:07:18,590 - Epoch[5] Batch [10000]	Speed: 676.73 samples/sec	accuracy=0.994797
2017-12-18 05:10:27,738 - Epoch[5] Batch [11000]	Speed: 676.78 samples/sec	accuracy=0.995336
2017-12-18 05:13:37,081 - Epoch[5] Batch [12000]	Speed: 676.06 samples/sec	accuracy=0.994945
2017-12-18 05:16:46,340 - Epoch[5] Batch [13000]	Speed: 676.50 samples/sec	accuracy=0.995289
2017-12-18 05:19:55,424 - Epoch[5] Batch [14000]	Speed: 676.98 samples/sec	accuracy=0.994734
2017-12-18 05:20:31,539 - Epoch[5] Train-accuracy=0.994560
2017-12-18 05:20:31,555 - Epoch[5] Time cost=2685.769
2017-12-18 05:20:31,839 - Saved checkpoint to "./tt/mobile-RGB-0006.params"
2017-12-18 05:21:07,940 - Epoch[5] Validation-accuracy=0.995743
2017-12-18 05:24:17,336 - Epoch[6] Batch [1000]	Speed: 676.22 samples/sec	accuracy=0.994950
2017-12-18 05:27:26,482 - Epoch[6] Batch [2000]	Speed: 676.73 samples/sec	accuracy=0.995094
2017-12-18 05:30:35,655 - Epoch[6] Batch [3000]	Speed: 676.63 samples/sec	accuracy=0.995078
2017-12-18 05:33:44,858 - Epoch[6] Batch [4000]	Speed: 676.52 samples/sec	accuracy=0.995102
2017-12-18 05:36:24,769 - Update[90001]: Change learning rate to 2.56000e-02
2017-12-18 05:36:53,961 - Epoch[6] Batch [5000]	Speed: 676.88 samples/sec	accuracy=0.995133
2017-12-18 05:40:03,238 - Epoch[6] Batch [6000]	Speed: 676.26 samples/sec	accuracy=0.995469
2017-12-18 05:43:12,237 - Epoch[6] Batch [7000]	Speed: 677.37 samples/sec	accuracy=0.995484
2017-12-18 05:46:21,476 - Epoch[6] Batch [8000]	Speed: 676.50 samples/sec	accuracy=0.995797
2017-12-18 05:49:30,882 - Epoch[6] Batch [9000]	Speed: 675.98 samples/sec	accuracy=0.995555
2017-12-18 05:52:40,240 - Epoch[6] Batch [10000]	Speed: 676.00 samples/sec	accuracy=0.995883
2017-12-18 05:55:49,436 - Epoch[6] Batch [11000]	Speed: 676.59 samples/sec	accuracy=0.995906
2017-12-18 05:58:58,620 - Epoch[6] Batch [12000]	Speed: 676.63 samples/sec	accuracy=0.995812
2017-12-18 06:02:07,852 - Epoch[6] Batch [13000]	Speed: 676.62 samples/sec	accuracy=0.995773
2017-12-18 06:05:17,150 - Epoch[6] Batch [14000]	Speed: 676.21 samples/sec	accuracy=0.995367
2017-12-18 06:05:53,154 - Epoch[6] Train-accuracy=0.996237
2017-12-18 06:05:53,155 - Epoch[6] Time cost=2685.214
2017-12-18 06:05:53,572 - Saved checkpoint to "./tt/mobile-RGB-0007.params"
2017-12-18 06:06:29,516 - Epoch[6] Validation-accuracy=0.996099
2017-12-18 06:09:38,866 - Epoch[7] Batch [1000]	Speed: 676.39 samples/sec	accuracy=0.995668
2017-12-18 06:12:48,055 - Epoch[7] Batch [2000]	Speed: 676.57 samples/sec	accuracy=0.996289
2017-12-18 06:15:57,408 - Epoch[7] Batch [3000]	Speed: 675.99 samples/sec	accuracy=0.996313
2017-12-18 06:19:06,390 - Epoch[7] Batch [4000]	Speed: 677.32 samples/sec	accuracy=0.995922
2017-12-18 06:22:15,146 - Epoch[7] Batch [5000]	Speed: 678.13 samples/sec	accuracy=0.995594
2017-12-18 06:25:24,486 - Epoch[7] Batch [6000]	Speed: 676.04 samples/sec	accuracy=0.995875
2017-12-18 06:28:33,523 - Epoch[7] Batch [7000]	Speed: 677.12 samples/sec	accuracy=0.996148
2017-12-18 06:31:42,842 - Epoch[7] Batch [8000]	Speed: 676.11 samples/sec	accuracy=0.995859
2017-12-18 06:34:51,997 - Epoch[7] Batch [9000]	Speed: 676.70 samples/sec	accuracy=0.996250
2017-12-18 06:38:00,855 - Epoch[7] Batch [10000]	Speed: 677.84 samples/sec	accuracy=0.996047
2017-12-18 06:41:10,283 - Epoch[7] Batch [11000]	Speed: 675.80 samples/sec	accuracy=0.996383
2017-12-18 06:44:19,690 - Epoch[7] Batch [12000]	Speed: 675.86 samples/sec	accuracy=0.996281
2017-12-18 06:47:28,730 - Epoch[7] Batch [13000]	Speed: 677.16 samples/sec	accuracy=0.996172
2017-12-18 06:50:37,890 - Epoch[7] Batch [14000]	Speed: 676.75 samples/sec	accuracy=0.996141
2017-12-18 06:51:13,971 - Epoch[7] Train-accuracy=0.996032
2017-12-18 06:51:13,972 - Epoch[7] Time cost=2684.455
2017-12-18 06:51:14,143 - Saved checkpoint to "./tt/mobile-RGB-0008.params"
2017-12-18 06:51:50,483 - Epoch[7] Validation-accuracy=0.996967
2017-12-18 06:54:59,695 - Epoch[8] Batch [1000]	Speed: 676.83 samples/sec	accuracy=0.996410
2017-12-18 06:58:08,949 - Epoch[8] Batch [2000]	Speed: 676.43 samples/sec	accuracy=0.996266
2017-12-18 07:01:18,045 - Epoch[8] Batch [3000]	Speed: 677.05 samples/sec	accuracy=0.996086
2017-12-18 07:04:27,254 - Epoch[8] Batch [4000]	Speed: 676.50 samples/sec	accuracy=0.996102
2017-12-18 07:07:36,908 - Epoch[8] Batch [5000]	Speed: 674.91 samples/sec	accuracy=0.995812
2017-12-18 07:10:45,934 - Epoch[8] Batch [6000]	Speed: 677.16 samples/sec	accuracy=0.996484
2017-12-18 07:12:13,548 - Update[120001]: Change learning rate to 2.04800e-02
2017-12-18 07:13:55,243 - Epoch[8] Batch [7000]	Speed: 676.14 samples/sec	accuracy=0.996547
2017-12-18 07:17:04,542 - Epoch[8] Batch [8000]	Speed: 676.18 samples/sec	accuracy=0.996570
2017-12-18 07:20:13,748 - Epoch[8] Batch [9000]	Speed: 676.51 samples/sec	accuracy=0.996648
2017-12-18 07:23:23,051 - Epoch[8] Batch [10000]	Speed: 676.16 samples/sec	accuracy=0.996625
2017-12-18 07:26:32,360 - Epoch[8] Batch [11000]	Speed: 676.15 samples/sec	accuracy=0.996555
2017-12-18 07:29:41,624 - Epoch[8] Batch [12000]	Speed: 676.31 samples/sec	accuracy=0.996477
2017-12-18 07:32:50,790 - Epoch[8] Batch [13000]	Speed: 676.66 samples/sec	accuracy=0.996617
2017-12-18 07:36:00,143 - Epoch[8] Batch [14000]	Speed: 675.99 samples/sec	accuracy=0.996859
2017-12-18 07:36:36,262 - Epoch[8] Train-accuracy=0.997464
2017-12-18 07:36:36,263 - Epoch[8] Time cost=2685.779
2017-12-18 07:36:36,903 - Saved checkpoint to "./tt/mobile-RGB-0009.params"
2017-12-18 07:37:13,166 - Epoch[8] Validation-accuracy=0.997061
2017-12-18 07:40:22,768 - Epoch[9] Batch [1000]	Speed: 675.50 samples/sec	accuracy=0.996722
2017-12-18 07:43:32,235 - Epoch[9] Batch [2000]	Speed: 675.58 samples/sec	accuracy=0.996953
2017-12-18 07:46:41,436 - Epoch[9] Batch [3000]	Speed: 676.53 samples/sec	accuracy=0.996602
2017-12-18 07:49:50,487 - Epoch[9] Batch [4000]	Speed: 677.07 samples/sec	accuracy=0.996945
2017-12-18 07:52:59,705 - Epoch[9] Batch [5000]	Speed: 676.47 samples/sec	accuracy=0.996992
2017-12-18 07:56:08,940 - Epoch[9] Batch [6000]	Speed: 676.41 samples/sec	accuracy=0.996797
2017-12-18 07:59:18,031 - Epoch[9] Batch [7000]	Speed: 676.92 samples/sec	accuracy=0.996742
2017-12-18 08:02:27,382 - Epoch[9] Batch [8000]	Speed: 676.00 samples/sec	accuracy=0.996766
2017-12-18 08:05:36,841 - Epoch[9] Batch [9000]	Speed: 675.61 samples/sec	accuracy=0.996992
2017-12-18 08:08:45,826 - Epoch[9] Batch [10000]	Speed: 677.31 samples/sec	accuracy=0.996852
2017-12-18 08:11:54,768 - Epoch[9] Batch [11000]	Speed: 677.46 samples/sec	accuracy=0.996820
2017-12-18 08:15:03,905 - Epoch[9] Batch [12000]	Speed: 676.76 samples/sec	accuracy=0.997055
2017-12-18 08:18:13,221 - Epoch[9] Batch [13000]	Speed: 676.12 samples/sec	accuracy=0.997156
2017-12-18 08:21:22,650 - Epoch[9] Batch [14000]	Speed: 675.72 samples/sec	accuracy=0.996687
2017-12-18 08:21:58,780 - Epoch[9] Train-accuracy=0.996850
2017-12-18 08:21:58,780 - Epoch[9] Time cost=2685.613
2017-12-18 08:21:59,419 - Saved checkpoint to "./tt/mobile-RGB-0010.params"
2017-12-18 08:22:35,379 - Epoch[9] Validation-accuracy=0.997448
2017-12-18 08:25:44,611 - Epoch[10] Batch [1000]	Speed: 676.82 samples/sec	accuracy=0.996902
2017-12-18 08:28:53,683 - Epoch[10] Batch [2000]	Speed: 676.99 samples/sec	accuracy=0.996969
2017-12-18 08:32:02,998 - Epoch[10] Batch [3000]	Speed: 676.21 samples/sec	accuracy=0.996883
2017-12-18 08:35:12,236 - Epoch[10] Batch [4000]	Speed: 676.48 samples/sec	accuracy=0.997062
2017-12-18 08:38:21,223 - Epoch[10] Batch [5000]	Speed: 677.37 samples/sec	accuracy=0.996891
2017-12-18 08:41:30,269 - Epoch[10] Batch [6000]	Speed: 677.17 samples/sec	accuracy=0.997023
2017-12-18 08:44:39,489 - Epoch[10] Batch [7000]	Speed: 676.55 samples/sec	accuracy=0.996867
2017-12-18 08:47:48,977 - Epoch[10] Batch [8000]	Speed: 675.61 samples/sec	accuracy=0.996797
2017-12-18 08:48:03,713 - Update[150001]: Change learning rate to 1.63840e-02
2017-12-18 08:50:58,871 - Epoch[10] Batch [9000]	Speed: 674.14 samples/sec	accuracy=0.997062
2017-12-18 08:54:08,330 - Epoch[10] Batch [10000]	Speed: 675.68 samples/sec	accuracy=0.997469
2017-12-18 08:57:17,881 - Epoch[10] Batch [11000]	Speed: 675.35 samples/sec	accuracy=0.997141
2017-12-18 09:00:27,157 - Epoch[10] Batch [12000]	Speed: 676.36 samples/sec	accuracy=0.997391
2017-12-18 09:03:36,099 - Epoch[10] Batch [13000]	Speed: 677.53 samples/sec	accuracy=0.997156
2017-12-18 09:06:45,071 - Epoch[10] Batch [14000]	Speed: 677.40 samples/sec	accuracy=0.997094
2017-12-18 09:07:21,151 - Epoch[10] Train-accuracy=0.997587
2017-12-18 09:07:21,152 - Epoch[10] Time cost=2685.772
2017-12-18 09:07:21,509 - Saved checkpoint to "./tt/mobile-RGB-0011.params"
2017-12-18 09:07:57,803 - Epoch[10] Validation-accuracy=0.997919
2017-12-18 09:11:06,295 - Epoch[11] Batch [1000]	Speed: 679.40 samples/sec	accuracy=0.997050
2017-12-18 09:14:14,683 - Epoch[11] Batch [2000]	Speed: 679.45 samples/sec	accuracy=0.997367
